running egg_info
writing ../../build/sancho_navigation/sancho_navigation.egg-info/PKG-INFO
writing dependency_links to ../../build/sancho_navigation/sancho_navigation.egg-info/dependency_links.txt
writing entry points to ../../build/sancho_navigation/sancho_navigation.egg-info/entry_points.txt
writing requirements to ../../build/sancho_navigation/sancho_navigation.egg-info/requires.txt
writing top-level names to ../../build/sancho_navigation/sancho_navigation.egg-info/top_level.txt
reading manifest file '../../build/sancho_navigation/sancho_navigation.egg-info/SOURCES.txt'
writing manifest file '../../build/sancho_navigation/sancho_navigation.egg-info/SOURCES.txt'
running build
running build_py
running install
running install_lib
running install_data
copying launch/slam.launch.py -> /home/gonzalomarin/gonzalo_ws/install/sancho_navigation/share/sancho_navigation/launch
copying config/mapper_params_online_async.yaml -> /home/gonzalomarin/gonzalo_ws/install/sancho_navigation/share/sancho_navigation/config
copying config/mapper_params_real.yaml -> /home/gonzalomarin/gonzalo_ws/install/sancho_navigation/share/sancho_navigation/config
running install_egg_info
removing '/home/gonzalomarin/gonzalo_ws/install/sancho_navigation/lib/python3.10/site-packages/sancho_navigation-0.0.0-py3.10.egg-info' (and everything under it)
Copying ../../build/sancho_navigation/sancho_navigation.egg-info to /home/gonzalomarin/gonzalo_ws/install/sancho_navigation/lib/python3.10/site-packages/sancho_navigation-0.0.0-py3.10.egg-info
running install_scripts
Installing greenhouse_navigator script to /home/gonzalomarin/gonzalo_ws/install/sancho_navigation/lib/sancho_navigation
Installing plant_doctor script to /home/gonzalomarin/gonzalo_ws/install/sancho_navigation/lib/sancho_navigation
Installing route_generator script to /home/gonzalomarin/gonzalo_ws/install/sancho_navigation/lib/sancho_navigation
Installing waypoint_saver script to /home/gonzalomarin/gonzalo_ws/install/sancho_navigation/lib/sancho_navigation
writing list of installed files to '/home/gonzalomarin/gonzalo_ws/build/sancho_navigation/install.log'
