running egg_info
writing ../../build/sancho_navigation/sancho_navigation.egg-info/PKG-INFO
writing dependency_links to ../../build/sancho_navigation/sancho_navigation.egg-info/dependency_links.txt
writing entry points to ../../build/sancho_navigation/sancho_navigation.egg-info/entry_points.txt
writing requirements to ../../build/sancho_navigation/sancho_navigation.egg-info/requires.txt
writing top-level names to ../../build/sancho_navigation/sancho_navigation.egg-info/top_level.txt
reading manifest file '../../build/sancho_navigation/sancho_navigation.egg-info/SOURCES.txt'
writing manifest file '../../build/sancho_navigation/sancho_navigation.egg-info/SOURCES.txt'
running build
running build_py
copying sancho_navigation/route_generator.py -> /home/mapir/gonzalo_ws/build/sancho_navigation/build/lib/sancho_navigation
running install
running install_lib
copying /home/mapir/gonzalo_ws/build/sancho_navigation/build/lib/sancho_navigation/route_generator.py -> /home/mapir/gonzalo_ws/install/sancho_navigation/lib/python3.10/site-packages/sancho_navigation
byte-compiling /home/mapir/gonzalo_ws/install/sancho_navigation/lib/python3.10/site-packages/sancho_navigation/route_generator.py to route_generator.cpython-310.pyc
running install_data
copying config/my_route.yaml -> /home/mapir/gonzalo_ws/install/sancho_navigation/share/sancho_navigation/config
running install_egg_info
removing '/home/mapir/gonzalo_ws/install/sancho_navigation/lib/python3.10/site-packages/sancho_navigation-0.0.0-py3.10.egg-info' (and everything under it)
Copying ../../build/sancho_navigation/sancho_navigation.egg-info to /home/mapir/gonzalo_ws/install/sancho_navigation/lib/python3.10/site-packages/sancho_navigation-0.0.0-py3.10.egg-info
running install_scripts
Installing greenhouse_navigator script to /home/mapir/gonzalo_ws/install/sancho_navigation/lib/sancho_navigation
Installing plant_doctor script to /home/mapir/gonzalo_ws/install/sancho_navigation/lib/sancho_navigation
Installing route_generator script to /home/mapir/gonzalo_ws/install/sancho_navigation/lib/sancho_navigation
Installing waypoint_saver script to /home/mapir/gonzalo_ws/install/sancho_navigation/lib/sancho_navigation
writing list of installed files to '/home/mapir/gonzalo_ws/build/sancho_navigation/install.log'
