[0.488s] Invoking command in '/home/mapir/gonzalo_ws/src/sancho_navigation': PYTHONPATH=/home/mapir/gonzalo_ws/build/sancho_navigation/prefix_override:/usr/lib/python3/dist-packages/colcon_core/task/python/colcon_distutils_commands:/home/mapir/gonzalo_ws/install/sancho_navigation/lib/python3.10/site-packages:${PYTHONPATH} /usr/bin/python3 -W ignore:setup.py install is deprecated -W ignore:easy_install command is deprecated setup.py egg_info --egg-base ../../build/sancho_navigation build --build-base /home/mapir/gonzalo_ws/build/sancho_navigation/build install --record /home/mapir/gonzalo_ws/build/sancho_navigation/install.log --single-version-externally-managed install_data
[0.689s] running egg_info
[0.689s] writing ../../build/sancho_navigation/sancho_navigation.egg-info/PKG-INFO
[0.689s] writing dependency_links to ../../build/sancho_navigation/sancho_navigation.egg-info/dependency_links.txt
[0.690s] writing entry points to ../../build/sancho_navigation/sancho_navigation.egg-info/entry_points.txt
[0.690s] writing requirements to ../../build/sancho_navigation/sancho_navigation.egg-info/requires.txt
[0.690s] writing top-level names to ../../build/sancho_navigation/sancho_navigation.egg-info/top_level.txt
[0.691s] reading manifest file '../../build/sancho_navigation/sancho_navigation.egg-info/SOURCES.txt'
[0.692s] writing manifest file '../../build/sancho_navigation/sancho_navigation.egg-info/SOURCES.txt'
[0.692s] running build
[0.693s] running build_py
[0.693s] copying sancho_navigation/route_generator.py -> /home/mapir/gonzalo_ws/build/sancho_navigation/build/lib/sancho_navigation
[0.693s] running install
[0.693s] running install_lib
[0.694s] copying /home/mapir/gonzalo_ws/build/sancho_navigation/build/lib/sancho_navigation/route_generator.py -> /home/mapir/gonzalo_ws/install/sancho_navigation/lib/python3.10/site-packages/sancho_navigation
[0.694s] byte-compiling /home/mapir/gonzalo_ws/install/sancho_navigation/lib/python3.10/site-packages/sancho_navigation/route_generator.py to route_generator.cpython-310.pyc
[0.695s] running install_data
[0.696s] copying config/my_route.yaml -> /home/mapir/gonzalo_ws/install/sancho_navigation/share/sancho_navigation/config
[0.696s] running install_egg_info
[0.697s] removing '/home/mapir/gonzalo_ws/install/sancho_navigation/lib/python3.10/site-packages/sancho_navigation-0.0.0-py3.10.egg-info' (and everything under it)
[0.698s] Copying ../../build/sancho_navigation/sancho_navigation.egg-info to /home/mapir/gonzalo_ws/install/sancho_navigation/lib/python3.10/site-packages/sancho_navigation-0.0.0-py3.10.egg-info
[0.698s] running install_scripts
[0.714s] Installing greenhouse_navigator script to /home/mapir/gonzalo_ws/install/sancho_navigation/lib/sancho_navigation
[0.714s] Installing plant_doctor script to /home/mapir/gonzalo_ws/install/sancho_navigation/lib/sancho_navigation
[0.714s] Installing route_generator script to /home/mapir/gonzalo_ws/install/sancho_navigation/lib/sancho_navigation
[0.714s] Installing waypoint_saver script to /home/mapir/gonzalo_ws/install/sancho_navigation/lib/sancho_navigation
[0.715s] writing list of installed files to '/home/mapir/gonzalo_ws/build/sancho_navigation/install.log'
[0.731s] Invoked command in '/home/mapir/gonzalo_ws/src/sancho_navigation' returned '0': PYTHONPATH=/home/mapir/gonzalo_ws/build/sancho_navigation/prefix_override:/usr/lib/python3/dist-packages/colcon_core/task/python/colcon_distutils_commands:/home/mapir/gonzalo_ws/install/sancho_navigation/lib/python3.10/site-packages:${PYTHONPATH} /usr/bin/python3 -W ignore:setup.py install is deprecated -W ignore:easy_install command is deprecated setup.py egg_info --egg-base ../../build/sancho_navigation build --build-base /home/mapir/gonzalo_ws/build/sancho_navigation/build install --record /home/mapir/gonzalo_ws/build/sancho_navigation/install.log --single-version-externally-managed install_data
