[0.893s] Invoking command in '/home/gonzalo/gonzalo_ws/src/sancho_navigation': PYTHONPATH=/home/gonzalo/gonzalo_ws/build/sancho_navigation/prefix_override:/usr/lib/python3/dist-packages/colcon_core/task/python/colcon_distutils_commands:/home/gonzalo/gonzalo_ws/install/sancho_navigation/lib/python3.10/site-packages:${PYTHONPATH} /usr/bin/python3 -W ignore:setup.py install is deprecated -W ignore:easy_install command is deprecated setup.py egg_info --egg-base ../../build/sancho_navigation build --build-base /home/gonzalo/gonzalo_ws/build/sancho_navigation/build install --record /home/gonzalo/gonzalo_ws/build/sancho_navigation/install.log --single-version-externally-managed install_data
[1.164s] running egg_info
[1.179s] writing ../../build/sancho_navigation/sancho_navigation.egg-info/PKG-INFO
[1.181s] writing dependency_links to ../../build/sancho_navigation/sancho_navigation.egg-info/dependency_links.txt
[1.184s] writing entry points to ../../build/sancho_navigation/sancho_navigation.egg-info/entry_points.txt
[1.185s] writing requirements to ../../build/sancho_navigation/sancho_navigation.egg-info/requires.txt
[1.191s] writing top-level names to ../../build/sancho_navigation/sancho_navigation.egg-info/top_level.txt
[1.193s] reading manifest file '../../build/sancho_navigation/sancho_navigation.egg-info/SOURCES.txt'
[1.197s] writing manifest file '../../build/sancho_navigation/sancho_navigation.egg-info/SOURCES.txt'
[1.197s] running build
[1.197s] running build_py
[1.201s] running install
[1.202s] running install_lib
[1.208s] running install_data
[1.208s] copying maps/greenhouse_map.yaml -> /home/gonzalo/gonzalo_ws/install/sancho_navigation/share/sancho_navigation/maps
[1.208s] running install_egg_info
[1.209s] removing '/home/gonzalo/gonzalo_ws/install/sancho_navigation/lib/python3.10/site-packages/sancho_navigation-0.0.0-py3.10.egg-info' (and everything under it)
[1.210s] Copying ../../build/sancho_navigation/sancho_navigation.egg-info to /home/gonzalo/gonzalo_ws/install/sancho_navigation/lib/python3.10/site-packages/sancho_navigation-0.0.0-py3.10.egg-info
[1.211s] running install_scripts
[1.247s] Installing greenhouse_navigator script to /home/gonzalo/gonzalo_ws/install/sancho_navigation/lib/sancho_navigation
[1.247s] Installing plant_doctor script to /home/gonzalo/gonzalo_ws/install/sancho_navigation/lib/sancho_navigation
[1.247s] Installing route_generator script to /home/gonzalo/gonzalo_ws/install/sancho_navigation/lib/sancho_navigation
[1.259s] Installing waypoint_saver script to /home/gonzalo/gonzalo_ws/install/sancho_navigation/lib/sancho_navigation
[1.259s] writing list of installed files to '/home/gonzalo/gonzalo_ws/build/sancho_navigation/install.log'
[1.296s] Invoked command in '/home/gonzalo/gonzalo_ws/src/sancho_navigation' returned '0': PYTHONPATH=/home/gonzalo/gonzalo_ws/build/sancho_navigation/prefix_override:/usr/lib/python3/dist-packages/colcon_core/task/python/colcon_distutils_commands:/home/gonzalo/gonzalo_ws/install/sancho_navigation/lib/python3.10/site-packages:${PYTHONPATH} /usr/bin/python3 -W ignore:setup.py install is deprecated -W ignore:easy_install command is deprecated setup.py egg_info --egg-base ../../build/sancho_navigation build --build-base /home/gonzalo/gonzalo_ws/build/sancho_navigation/build install --record /home/gonzalo/gonzalo_ws/build/sancho_navigation/install.log --single-version-externally-managed install_data
