[0.884s] Invoking command in '/home/mapir/gonzalo_ws/src/sancho_navigation': PYTHONPATH=/home/mapir/gonzalo_ws/build/sancho_navigation/prefix_override:/usr/lib/python3/dist-packages/colcon_core/task/python/colcon_distutils_commands:/home/mapir/gonzalo_ws/install/sancho_navigation/lib/python3.10/site-packages:${PYTHONPATH} /usr/bin/python3 -W ignore:setup.py install is deprecated -W ignore:easy_install command is deprecated setup.py egg_info --egg-base ../../build/sancho_navigation build --build-base /home/mapir/gonzalo_ws/build/sancho_navigation/build install --record /home/mapir/gonzalo_ws/build/sancho_navigation/install.log --single-version-externally-managed install_data
[1.152s] running egg_info
[1.152s] creating ../../build/sancho_navigation/sancho_navigation.egg-info
[1.153s] writing ../../build/sancho_navigation/sancho_navigation.egg-info/PKG-INFO
[1.153s] writing dependency_links to ../../build/sancho_navigation/sancho_navigation.egg-info/dependency_links.txt
[1.153s] writing entry points to ../../build/sancho_navigation/sancho_navigation.egg-info/entry_points.txt
[1.153s] writing requirements to ../../build/sancho_navigation/sancho_navigation.egg-info/requires.txt
[1.154s] writing top-level names to ../../build/sancho_navigation/sancho_navigation.egg-info/top_level.txt
[1.154s] writing manifest file '../../build/sancho_navigation/sancho_navigation.egg-info/SOURCES.txt'
[1.155s] reading manifest file '../../build/sancho_navigation/sancho_navigation.egg-info/SOURCES.txt'
[1.156s] writing manifest file '../../build/sancho_navigation/sancho_navigation.egg-info/SOURCES.txt'
[1.156s] running build
[1.156s] running build_py
[1.156s] creating /home/mapir/gonzalo_ws/build/sancho_navigation/build
[1.157s] creating /home/mapir/gonzalo_ws/build/sancho_navigation/build/lib
[1.157s] creating /home/mapir/gonzalo_ws/build/sancho_navigation/build/lib/sancho_navigation
[1.157s] copying sancho_navigation/greenhouse_navigator.py -> /home/mapir/gonzalo_ws/build/sancho_navigation/build/lib/sancho_navigation
[1.157s] copying sancho_navigation/__init__.py -> /home/mapir/gonzalo_ws/build/sancho_navigation/build/lib/sancho_navigation
[1.157s] copying sancho_navigation/route_generator.py -> /home/mapir/gonzalo_ws/build/sancho_navigation/build/lib/sancho_navigation
[1.157s] running install
[1.157s] running install_lib
[1.158s] creating /home/mapir/gonzalo_ws/install/sancho_navigation/lib/python3.10/site-packages/sancho_navigation
[1.158s] copying /home/mapir/gonzalo_ws/build/sancho_navigation/build/lib/sancho_navigation/greenhouse_navigator.py -> /home/mapir/gonzalo_ws/install/sancho_navigation/lib/python3.10/site-packages/sancho_navigation
[1.158s] copying /home/mapir/gonzalo_ws/build/sancho_navigation/build/lib/sancho_navigation/__init__.py -> /home/mapir/gonzalo_ws/install/sancho_navigation/lib/python3.10/site-packages/sancho_navigation
[1.158s] copying /home/mapir/gonzalo_ws/build/sancho_navigation/build/lib/sancho_navigation/route_generator.py -> /home/mapir/gonzalo_ws/install/sancho_navigation/lib/python3.10/site-packages/sancho_navigation
[1.158s] byte-compiling /home/mapir/gonzalo_ws/install/sancho_navigation/lib/python3.10/site-packages/sancho_navigation/greenhouse_navigator.py to greenhouse_navigator.cpython-310.pyc
[1.160s] byte-compiling /home/mapir/gonzalo_ws/install/sancho_navigation/lib/python3.10/site-packages/sancho_navigation/__init__.py to __init__.cpython-310.pyc
[1.160s] byte-compiling /home/mapir/gonzalo_ws/install/sancho_navigation/lib/python3.10/site-packages/sancho_navigation/route_generator.py to route_generator.cpython-310.pyc
[1.161s] running install_data
[1.161s] creating /home/mapir/gonzalo_ws/install/sancho_navigation/share/ament_index
[1.161s] creating /home/mapir/gonzalo_ws/install/sancho_navigation/share/ament_index/resource_index
[1.161s] creating /home/mapir/gonzalo_ws/install/sancho_navigation/share/ament_index/resource_index/packages
[1.161s] copying resource/sancho_navigation -> /home/mapir/gonzalo_ws/install/sancho_navigation/share/ament_index/resource_index/packages
[1.162s] copying package.xml -> /home/mapir/gonzalo_ws/install/sancho_navigation/share/sancho_navigation
[1.162s] creating /home/mapir/gonzalo_ws/install/sancho_navigation/share/sancho_navigation/launch
[1.162s] copying launch/simulation.launch.py -> /home/mapir/gonzalo_ws/install/sancho_navigation/share/sancho_navigation/launch
[1.162s] copying launch/nav2_route.launch.py -> /home/mapir/gonzalo_ws/install/sancho_navigation/share/sancho_navigation/launch
[1.162s] copying launch/slam.launch.py -> /home/mapir/gonzalo_ws/install/sancho_navigation/share/sancho_navigation/launch
[1.162s] copying launch/localization.launch.py -> /home/mapir/gonzalo_ws/install/sancho_navigation/share/sancho_navigation/launch
[1.163s] copying launch/navigation_only.launch.py -> /home/mapir/gonzalo_ws/install/sancho_navigation/share/sancho_navigation/launch
[1.163s] copying launch/navigation.launch.py -> /home/mapir/gonzalo_ws/install/sancho_navigation/share/sancho_navigation/launch
[1.163s] creating /home/mapir/gonzalo_ws/install/sancho_navigation/share/sancho_navigation/config
[1.163s] copying config/my_route.yaml -> /home/mapir/gonzalo_ws/install/sancho_navigation/share/sancho_navigation/config
[1.163s] copying config/nav2_params.yaml -> /home/mapir/gonzalo_ws/install/sancho_navigation/share/sancho_navigation/config
[1.163s] creating /home/mapir/gonzalo_ws/install/sancho_navigation/share/sancho_navigation/worlds
[1.163s] copying worlds/greenhouse.world -> /home/mapir/gonzalo_ws/install/sancho_navigation/share/sancho_navigation/worlds
[1.164s] creating /home/mapir/gonzalo_ws/install/sancho_navigation/share/sancho_navigation/models
[1.164s] copying models/tomato_model.pth -> /home/mapir/gonzalo_ws/install/sancho_navigation/share/sancho_navigation/models
[1.202s] creating /home/mapir/gonzalo_ws/install/sancho_navigation/share/sancho_navigation/models/bush_2
[1.203s] copying models/bush_2/model.sdf -> /home/mapir/gonzalo_ws/install/sancho_navigation/share/sancho_navigation/models/bush_2
[1.203s] copying models/bush_2/model.config -> /home/mapir/gonzalo_ws/install/sancho_navigation/share/sancho_navigation/models/bush_2
[1.203s] creating /home/mapir/gonzalo_ws/install/sancho_navigation/share/sancho_navigation/models/bush_2/meshes
[1.203s] copying models/bush_2/meshes/Green_Le.jpg -> /home/mapir/gonzalo_ws/install/sancho_navigation/share/sancho_navigation/models/bush_2/meshes
[1.203s] copying models/bush_2/meshes/bush_2.obj -> /home/mapir/gonzalo_ws/install/sancho_navigation/share/sancho_navigation/models/bush_2/meshes
[1.205s] copying models/bush_2/meshes/bush_2.mtl -> /home/mapir/gonzalo_ws/install/sancho_navigation/share/sancho_navigation/models/bush_2/meshes
[1.205s] running install_egg_info
[1.207s] Copying ../../build/sancho_navigation/sancho_navigation.egg-info to /home/mapir/gonzalo_ws/install/sancho_navigation/lib/python3.10/site-packages/sancho_navigation-0.0.0-py3.10.egg-info
[1.208s] running install_scripts
[1.226s] Installing greenhouse_navigator script to /home/mapir/gonzalo_ws/install/sancho_navigation/lib/sancho_navigation
[1.226s] Installing plant_doctor script to /home/mapir/gonzalo_ws/install/sancho_navigation/lib/sancho_navigation
[1.226s] Installing route_generator script to /home/mapir/gonzalo_ws/install/sancho_navigation/lib/sancho_navigation
[1.226s] Installing waypoint_saver script to /home/mapir/gonzalo_ws/install/sancho_navigation/lib/sancho_navigation
[1.226s] writing list of installed files to '/home/mapir/gonzalo_ws/build/sancho_navigation/install.log'
[1.257s] Invoked command in '/home/mapir/gonzalo_ws/src/sancho_navigation' returned '0': PYTHONPATH=/home/mapir/gonzalo_ws/build/sancho_navigation/prefix_override:/usr/lib/python3/dist-packages/colcon_core/task/python/colcon_distutils_commands:/home/mapir/gonzalo_ws/install/sancho_navigation/lib/python3.10/site-packages:${PYTHONPATH} /usr/bin/python3 -W ignore:setup.py install is deprecated -W ignore:easy_install command is deprecated setup.py egg_info --egg-base ../../build/sancho_navigation build --build-base /home/mapir/gonzalo_ws/build/sancho_navigation/build install --record /home/mapir/gonzalo_ws/build/sancho_navigation/install.log --single-version-externally-managed install_data
