/home/gonzalo/gonzalo_ws/install/sancho_navigation/lib/python3.10/site-packages/sancho_navigation/route_generator.py
/home/gonzalo/gonzalo_ws/install/sancho_navigation/lib/python3.10/site-packages/sancho_navigation/__init__.py
/home/gonzalo/gonzalo_ws/install/sancho_navigation/lib/python3.10/site-packages/sancho_navigation/greenhouse_navigator.py
/home/gonzalo/gonzalo_ws/install/sancho_navigation/lib/python3.10/site-packages/sancho_navigation/__pycache__/route_generator.cpython-310.pyc
/home/gonzalo/gonzalo_ws/install/sancho_navigation/lib/python3.10/site-packages/sancho_navigation/__pycache__/__init__.cpython-310.pyc
/home/gonzalo/gonzalo_ws/install/sancho_navigation/lib/python3.10/site-packages/sancho_navigation/__pycache__/greenhouse_navigator.cpython-310.pyc
/home/gonzalo/gonzalo_ws/install/sancho_navigation/share/ament_index/resource_index/packages/sancho_navigation
/home/gonzalo/gonzalo_ws/install/sancho_navigation/share/sancho_navigation/package.xml
/home/gonzalo/gonzalo_ws/install/sancho_navigation/share/sancho_navigation/launch/nav2_route.launch.py
/home/gonzalo/gonzalo_ws/install/sancho_navigation/share/sancho_navigation/launch/simulation.launch.py
/home/gonzalo/gonzalo_ws/install/sancho_navigation/share/sancho_navigation/launch/navigation.launch.py
/home/gonzalo/gonzalo_ws/install/sancho_navigation/share/sancho_navigation/launch/slam.launch.py
/home/gonzalo/gonzalo_ws/install/sancho_navigation/share/sancho_navigation/launch/navigation_only.launch.py
/home/gonzalo/gonzalo_ws/install/sancho_navigation/share/sancho_navigation/launch/localization.launch.py
/home/gonzalo/gonzalo_ws/install/sancho_navigation/share/sancho_navigation/config/my_route.yaml
/home/gonzalo/gonzalo_ws/install/sancho_navigation/share/sancho_navigation/config/nav2_params.yaml
/home/gonzalo/gonzalo_ws/install/sancho_navigation/share/sancho_navigation/config/mapper_params_online_async.yaml
/home/gonzalo/gonzalo_ws/install/sancho_navigation/share/sancho_navigation/worlds/greenhouse.world
/home/gonzalo/gonzalo_ws/install/sancho_navigation/share/sancho_navigation/maps/prueba.yaml
/home/gonzalo/gonzalo_ws/install/sancho_navigation/share/sancho_navigation/maps/greenhouse_map.pgm
/home/gonzalo/gonzalo_ws/install/sancho_navigation/share/sancho_navigation/maps/prueba.pgm
/home/gonzalo/gonzalo_ws/install/sancho_navigation/share/sancho_navigation/maps/greenhouse_map.yaml
/home/gonzalo/gonzalo_ws/install/sancho_navigation/share/sancho_navigation/models/tomato_model.pth
/home/gonzalo/gonzalo_ws/install/sancho_navigation/share/sancho_navigation/models/bush_2/model.config
/home/gonzalo/gonzalo_ws/install/sancho_navigation/share/sancho_navigation/models/bush_2/model.sdf
/home/gonzalo/gonzalo_ws/install/sancho_navigation/share/sancho_navigation/models/bush_2/meshes/Green_Le.jpg
/home/gonzalo/gonzalo_ws/install/sancho_navigation/share/sancho_navigation/models/bush_2/meshes/bush_2.obj
/home/gonzalo/gonzalo_ws/install/sancho_navigation/share/sancho_navigation/models/bush_2/meshes/bush_2.mtl
/home/gonzalo/gonzalo_ws/install/sancho_navigation/lib/python3.10/site-packages/sancho_navigation-0.0.0-py3.10.egg-info/SOURCES.txt
/home/gonzalo/gonzalo_ws/install/sancho_navigation/lib/python3.10/site-packages/sancho_navigation-0.0.0-py3.10.egg-info/entry_points.txt
/home/gonzalo/gonzalo_ws/install/sancho_navigation/lib/python3.10/site-packages/sancho_navigation-0.0.0-py3.10.egg-info/zip-safe
/home/gonzalo/gonzalo_ws/install/sancho_navigation/lib/python3.10/site-packages/sancho_navigation-0.0.0-py3.10.egg-info/top_level.txt
/home/gonzalo/gonzalo_ws/install/sancho_navigation/lib/python3.10/site-packages/sancho_navigation-0.0.0-py3.10.egg-info/PKG-INFO
/home/gonzalo/gonzalo_ws/install/sancho_navigation/lib/python3.10/site-packages/sancho_navigation-0.0.0-py3.10.egg-info/requires.txt
/home/gonzalo/gonzalo_ws/install/sancho_navigation/lib/python3.10/site-packages/sancho_navigation-0.0.0-py3.10.egg-info/dependency_links.txt
/home/gonzalo/gonzalo_ws/install/sancho_navigation/lib/sancho_navigation/greenhouse_navigator
/home/gonzalo/gonzalo_ws/install/sancho_navigation/lib/sancho_navigation/plant_doctor
/home/gonzalo/gonzalo_ws/install/sancho_navigation/lib/sancho_navigation/route_generator
/home/gonzalo/gonzalo_ws/install/sancho_navigation/lib/sancho_navigation/waypoint_saver
