[0.703s] Invoking command in '/home/gonzalo/gonzalo_ws/src/sancho_navigation': PYTHONPATH=/home/gonzalo/gonzalo_ws/build/sancho_navigation/prefix_override:/usr/lib/python3/dist-packages/colcon_core/task/python/colcon_distutils_commands:/home/gonzalo/gonzalo_ws/install/sancho_navigation/lib/python3.10/site-packages:${PYTHONPATH} /usr/bin/python3 -W ignore:setup.py install is deprecated -W ignore:easy_install command is deprecated setup.py egg_info --egg-base ../../build/sancho_navigation build --build-base /home/gonzalo/gonzalo_ws/build/sancho_navigation/build install --record /home/gonzalo/gonzalo_ws/build/sancho_navigation/install.log --single-version-externally-managed install_data
[0.951s] running egg_info
[0.951s] creating ../../build/sancho_navigation/sancho_navigation.egg-info
[0.951s] writing ../../build/sancho_navigation/sancho_navigation.egg-info/PKG-INFO
[0.951s] writing dependency_links to ../../build/sancho_navigation/sancho_navigation.egg-info/dependency_links.txt
[0.951s] writing entry points to ../../build/sancho_navigation/sancho_navigation.egg-info/entry_points.txt
[0.951s] writing requirements to ../../build/sancho_navigation/sancho_navigation.egg-info/requires.txt
[0.952s] writing top-level names to ../../build/sancho_navigation/sancho_navigation.egg-info/top_level.txt
[0.952s] writing manifest file '../../build/sancho_navigation/sancho_navigation.egg-info/SOURCES.txt'
[0.955s] reading manifest file '../../build/sancho_navigation/sancho_navigation.egg-info/SOURCES.txt'
[0.956s] writing manifest file '../../build/sancho_navigation/sancho_navigation.egg-info/SOURCES.txt'
[0.956s] running build
[0.956s] running build_py
[0.956s] creating /home/gonzalo/gonzalo_ws/build/sancho_navigation/build
[0.956s] creating /home/gonzalo/gonzalo_ws/build/sancho_navigation/build/lib
[0.956s] creating /home/gonzalo/gonzalo_ws/build/sancho_navigation/build/lib/sancho_navigation
[0.957s] copying sancho_navigation/route_generator.py -> /home/gonzalo/gonzalo_ws/build/sancho_navigation/build/lib/sancho_navigation
[0.957s] copying sancho_navigation/__init__.py -> /home/gonzalo/gonzalo_ws/build/sancho_navigation/build/lib/sancho_navigation
[0.957s] copying sancho_navigation/greenhouse_navigator.py -> /home/gonzalo/gonzalo_ws/build/sancho_navigation/build/lib/sancho_navigation
[0.957s] running install
[0.957s] running install_lib
[0.962s] creating /home/gonzalo/gonzalo_ws/install/sancho_navigation/lib/python3.10/site-packages/sancho_navigation
[0.962s] copying /home/gonzalo/gonzalo_ws/build/sancho_navigation/build/lib/sancho_navigation/route_generator.py -> /home/gonzalo/gonzalo_ws/install/sancho_navigation/lib/python3.10/site-packages/sancho_navigation
[0.962s] copying /home/gonzalo/gonzalo_ws/build/sancho_navigation/build/lib/sancho_navigation/__init__.py -> /home/gonzalo/gonzalo_ws/install/sancho_navigation/lib/python3.10/site-packages/sancho_navigation
[0.962s] copying /home/gonzalo/gonzalo_ws/build/sancho_navigation/build/lib/sancho_navigation/greenhouse_navigator.py -> /home/gonzalo/gonzalo_ws/install/sancho_navigation/lib/python3.10/site-packages/sancho_navigation
[0.962s] byte-compiling /home/gonzalo/gonzalo_ws/install/sancho_navigation/lib/python3.10/site-packages/sancho_navigation/route_generator.py to route_generator.cpython-310.pyc
[0.962s] byte-compiling /home/gonzalo/gonzalo_ws/install/sancho_navigation/lib/python3.10/site-packages/sancho_navigation/__init__.py to __init__.cpython-310.pyc
[0.962s] byte-compiling /home/gonzalo/gonzalo_ws/install/sancho_navigation/lib/python3.10/site-packages/sancho_navigation/greenhouse_navigator.py to greenhouse_navigator.cpython-310.pyc
[0.962s] running install_data
[0.962s] creating /home/gonzalo/gonzalo_ws/install/sancho_navigation/share/ament_index
[0.962s] creating /home/gonzalo/gonzalo_ws/install/sancho_navigation/share/ament_index/resource_index
[0.963s] creating /home/gonzalo/gonzalo_ws/install/sancho_navigation/share/ament_index/resource_index/packages
[0.963s] copying resource/sancho_navigation -> /home/gonzalo/gonzalo_ws/install/sancho_navigation/share/ament_index/resource_index/packages
[0.963s] copying package.xml -> /home/gonzalo/gonzalo_ws/install/sancho_navigation/share/sancho_navigation
[0.963s] creating /home/gonzalo/gonzalo_ws/install/sancho_navigation/share/sancho_navigation/launch
[0.963s] copying launch/nav2_route.launch.py -> /home/gonzalo/gonzalo_ws/install/sancho_navigation/share/sancho_navigation/launch
[0.963s] copying launch/simulation.launch.py -> /home/gonzalo/gonzalo_ws/install/sancho_navigation/share/sancho_navigation/launch
[0.963s] copying launch/navigation.launch.py -> /home/gonzalo/gonzalo_ws/install/sancho_navigation/share/sancho_navigation/launch
[0.963s] copying launch/slam.launch.py -> /home/gonzalo/gonzalo_ws/install/sancho_navigation/share/sancho_navigation/launch
[0.963s] copying launch/navigation_only.launch.py -> /home/gonzalo/gonzalo_ws/install/sancho_navigation/share/sancho_navigation/launch
[0.963s] copying launch/localization.launch.py -> /home/gonzalo/gonzalo_ws/install/sancho_navigation/share/sancho_navigation/launch
[0.963s] creating /home/gonzalo/gonzalo_ws/install/sancho_navigation/share/sancho_navigation/config
[0.964s] copying config/my_route.yaml -> /home/gonzalo/gonzalo_ws/install/sancho_navigation/share/sancho_navigation/config
[0.964s] copying config/nav2_params.yaml -> /home/gonzalo/gonzalo_ws/install/sancho_navigation/share/sancho_navigation/config
[0.964s] copying config/mapper_params_online_async.yaml -> /home/gonzalo/gonzalo_ws/install/sancho_navigation/share/sancho_navigation/config
[0.964s] creating /home/gonzalo/gonzalo_ws/install/sancho_navigation/share/sancho_navigation/worlds
[0.964s] copying worlds/greenhouse.world -> /home/gonzalo/gonzalo_ws/install/sancho_navigation/share/sancho_navigation/worlds
[0.964s] creating /home/gonzalo/gonzalo_ws/install/sancho_navigation/share/sancho_navigation/maps
[0.964s] copying maps/prueba.yaml -> /home/gonzalo/gonzalo_ws/install/sancho_navigation/share/sancho_navigation/maps
[0.964s] copying maps/greenhouse_map.pgm -> /home/gonzalo/gonzalo_ws/install/sancho_navigation/share/sancho_navigation/maps
[0.964s] copying maps/prueba.pgm -> /home/gonzalo/gonzalo_ws/install/sancho_navigation/share/sancho_navigation/maps
[0.964s] copying maps/greenhouse_map.yaml -> /home/gonzalo/gonzalo_ws/install/sancho_navigation/share/sancho_navigation/maps
[0.964s] creating /home/gonzalo/gonzalo_ws/install/sancho_navigation/share/sancho_navigation/models
[0.964s] copying models/tomato_model.pth -> /home/gonzalo/gonzalo_ws/install/sancho_navigation/share/sancho_navigation/models
[0.992s] creating /home/gonzalo/gonzalo_ws/install/sancho_navigation/share/sancho_navigation/models/bush_2
[0.993s] copying models/bush_2/model.config -> /home/gonzalo/gonzalo_ws/install/sancho_navigation/share/sancho_navigation/models/bush_2
[0.993s] copying models/bush_2/model.sdf -> /home/gonzalo/gonzalo_ws/install/sancho_navigation/share/sancho_navigation/models/bush_2
[0.993s] creating /home/gonzalo/gonzalo_ws/install/sancho_navigation/share/sancho_navigation/models/bush_2/meshes
[0.994s] copying models/bush_2/meshes/Green_Le.jpg -> /home/gonzalo/gonzalo_ws/install/sancho_navigation/share/sancho_navigation/models/bush_2/meshes
[0.994s] copying models/bush_2/meshes/bush_2.obj -> /home/gonzalo/gonzalo_ws/install/sancho_navigation/share/sancho_navigation/models/bush_2/meshes
[0.995s] copying models/bush_2/meshes/bush_2.mtl -> /home/gonzalo/gonzalo_ws/install/sancho_navigation/share/sancho_navigation/models/bush_2/meshes
[0.995s] running install_egg_info
[0.997s] Copying ../../build/sancho_navigation/sancho_navigation.egg-info to /home/gonzalo/gonzalo_ws/install/sancho_navigation/lib/python3.10/site-packages/sancho_navigation-0.0.0-py3.10.egg-info
[0.998s] running install_scripts
[1.021s] Installing greenhouse_navigator script to /home/gonzalo/gonzalo_ws/install/sancho_navigation/lib/sancho_navigation
[1.023s] Installing plant_doctor script to /home/gonzalo/gonzalo_ws/install/sancho_navigation/lib/sancho_navigation
[1.025s] Installing route_generator script to /home/gonzalo/gonzalo_ws/install/sancho_navigation/lib/sancho_navigation
[1.025s] Installing waypoint_saver script to /home/gonzalo/gonzalo_ws/install/sancho_navigation/lib/sancho_navigation
[1.025s] writing list of installed files to '/home/gonzalo/gonzalo_ws/build/sancho_navigation/install.log'
[1.047s] Invoked command in '/home/gonzalo/gonzalo_ws/src/sancho_navigation' returned '0': PYTHONPATH=/home/gonzalo/gonzalo_ws/build/sancho_navigation/prefix_override:/usr/lib/python3/dist-packages/colcon_core/task/python/colcon_distutils_commands:/home/gonzalo/gonzalo_ws/install/sancho_navigation/lib/python3.10/site-packages:${PYTHONPATH} /usr/bin/python3 -W ignore:setup.py install is deprecated -W ignore:easy_install command is deprecated setup.py egg_info --egg-base ../../build/sancho_navigation build --build-base /home/gonzalo/gonzalo_ws/build/sancho_navigation/build install --record /home/gonzalo/gonzalo_ws/build/sancho_navigation/install.log --single-version-externally-managed install_data
