[0.572s] Invoking command in '/home/gonzalomarin/gonzalo_ws/src/sancho_navigation': PYTHONPATH=/home/gonzalomarin/gonzalo_ws/build/sancho_navigation/prefix_override:/usr/lib/python3/dist-packages/colcon_core/task/python/colcon_distutils_commands:/home/gonzalomarin/gonzalo_ws/install/sancho_navigation/lib/python3.10/site-packages:${PYTHONPATH} /usr/bin/python3 -W ignore:setup.py install is deprecated -W ignore:easy_install command is deprecated setup.py egg_info --egg-base ../../build/sancho_navigation build --build-base /home/gonzalomarin/gonzalo_ws/build/sancho_navigation/build install --record /home/gonzalomarin/gonzalo_ws/build/sancho_navigation/install.log --single-version-externally-managed install_data
[0.791s] running egg_info
[0.791s] creating ../../build/sancho_navigation/sancho_navigation.egg-info
[0.792s] writing ../../build/sancho_navigation/sancho_navigation.egg-info/PKG-INFO
[0.792s] writing dependency_links to ../../build/sancho_navigation/sancho_navigation.egg-info/dependency_links.txt
[0.792s] writing entry points to ../../build/sancho_navigation/sancho_navigation.egg-info/entry_points.txt
[0.792s] writing requirements to ../../build/sancho_navigation/sancho_navigation.egg-info/requires.txt
[0.792s] writing top-level names to ../../build/sancho_navigation/sancho_navigation.egg-info/top_level.txt
[0.792s] writing manifest file '../../build/sancho_navigation/sancho_navigation.egg-info/SOURCES.txt'
[0.794s] reading manifest file '../../build/sancho_navigation/sancho_navigation.egg-info/SOURCES.txt'
[0.795s] writing manifest file '../../build/sancho_navigation/sancho_navigation.egg-info/SOURCES.txt'
[0.795s] running build
[0.795s] running build_py
[0.795s] creating /home/gonzalomarin/gonzalo_ws/build/sancho_navigation/build
[0.795s] creating /home/gonzalomarin/gonzalo_ws/build/sancho_navigation/build/lib
[0.795s] creating /home/gonzalomarin/gonzalo_ws/build/sancho_navigation/build/lib/sancho_navigation
[0.795s] copying sancho_navigation/route_visualizer.py -> /home/gonzalomarin/gonzalo_ws/build/sancho_navigation/build/lib/sancho_navigation
[0.796s] copying sancho_navigation/plant_doctor.py -> /home/gonzalomarin/gonzalo_ws/build/sancho_navigation/build/lib/sancho_navigation
[0.796s] copying sancho_navigation/__init__.py -> /home/gonzalomarin/gonzalo_ws/build/sancho_navigation/build/lib/sancho_navigation
[0.796s] copying sancho_navigation/greenhouse_navigator.py -> /home/gonzalomarin/gonzalo_ws/build/sancho_navigation/build/lib/sancho_navigation
[0.796s] running install
[0.797s] running install_lib
[0.797s] creating /home/gonzalomarin/gonzalo_ws/install/sancho_navigation/lib/python3.10/site-packages/sancho_navigation
[0.797s] copying /home/gonzalomarin/gonzalo_ws/build/sancho_navigation/build/lib/sancho_navigation/route_visualizer.py -> /home/gonzalomarin/gonzalo_ws/install/sancho_navigation/lib/python3.10/site-packages/sancho_navigation
[0.797s] copying /home/gonzalomarin/gonzalo_ws/build/sancho_navigation/build/lib/sancho_navigation/plant_doctor.py -> /home/gonzalomarin/gonzalo_ws/install/sancho_navigation/lib/python3.10/site-packages/sancho_navigation
[0.797s] copying /home/gonzalomarin/gonzalo_ws/build/sancho_navigation/build/lib/sancho_navigation/__init__.py -> /home/gonzalomarin/gonzalo_ws/install/sancho_navigation/lib/python3.10/site-packages/sancho_navigation
[0.798s] copying /home/gonzalomarin/gonzalo_ws/build/sancho_navigation/build/lib/sancho_navigation/greenhouse_navigator.py -> /home/gonzalomarin/gonzalo_ws/install/sancho_navigation/lib/python3.10/site-packages/sancho_navigation
[0.798s] byte-compiling /home/gonzalomarin/gonzalo_ws/install/sancho_navigation/lib/python3.10/site-packages/sancho_navigation/route_visualizer.py to route_visualizer.cpython-310.pyc
[0.799s] byte-compiling /home/gonzalomarin/gonzalo_ws/install/sancho_navigation/lib/python3.10/site-packages/sancho_navigation/plant_doctor.py to plant_doctor.cpython-310.pyc
[0.799s] byte-compiling /home/gonzalomarin/gonzalo_ws/install/sancho_navigation/lib/python3.10/site-packages/sancho_navigation/__init__.py to __init__.cpython-310.pyc
[0.799s] byte-compiling /home/gonzalomarin/gonzalo_ws/install/sancho_navigation/lib/python3.10/site-packages/sancho_navigation/greenhouse_navigator.py to greenhouse_navigator.cpython-310.pyc
[0.800s] running install_data
[0.801s] creating /home/gonzalomarin/gonzalo_ws/install/sancho_navigation/share/ament_index
[0.801s] creating /home/gonzalomarin/gonzalo_ws/install/sancho_navigation/share/ament_index/resource_index
[0.801s] creating /home/gonzalomarin/gonzalo_ws/install/sancho_navigation/share/ament_index/resource_index/packages
[0.801s] copying resource/sancho_navigation -> /home/gonzalomarin/gonzalo_ws/install/sancho_navigation/share/ament_index/resource_index/packages
[0.801s] copying package.xml -> /home/gonzalomarin/gonzalo_ws/install/sancho_navigation/share/sancho_navigation
[0.801s] creating /home/gonzalomarin/gonzalo_ws/install/sancho_navigation/share/sancho_navigation/launch
[0.801s] copying launch/simulation.launch.py -> /home/gonzalomarin/gonzalo_ws/install/sancho_navigation/share/sancho_navigation/launch
[0.801s] copying launch/real_navigation.launch.py -> /home/gonzalomarin/gonzalo_ws/install/sancho_navigation/share/sancho_navigation/launch
[0.801s] copying launch/slam.launch.py -> /home/gonzalomarin/gonzalo_ws/install/sancho_navigation/share/sancho_navigation/launch
[0.801s] copying launch/navigation.launch.py -> /home/gonzalomarin/gonzalo_ws/install/sancho_navigation/share/sancho_navigation/launch
[0.801s] creating /home/gonzalomarin/gonzalo_ws/install/sancho_navigation/share/sancho_navigation/config
[0.801s] copying config/nav2_params_real.yaml -> /home/gonzalomarin/gonzalo_ws/install/sancho_navigation/share/sancho_navigation/config
[0.801s] copying config/nav2_params_sim.yaml -> /home/gonzalomarin/gonzalo_ws/install/sancho_navigation/share/sancho_navigation/config
[0.801s] copying config/mapper_params_online_async.yaml -> /home/gonzalomarin/gonzalo_ws/install/sancho_navigation/share/sancho_navigation/config
[0.802s] copying config/mapper_params_real.yaml -> /home/gonzalomarin/gonzalo_ws/install/sancho_navigation/share/sancho_navigation/config
[0.802s] copying config/my_route.yaml -> /home/gonzalomarin/gonzalo_ws/install/sancho_navigation/share/sancho_navigation/config
[0.802s] creating /home/gonzalomarin/gonzalo_ws/install/sancho_navigation/share/sancho_navigation/worlds
[0.802s] copying worlds/greenhouse.world -> /home/gonzalomarin/gonzalo_ws/install/sancho_navigation/share/sancho_navigation/worlds
[0.802s] creating /home/gonzalomarin/gonzalo_ws/install/sancho_navigation/share/sancho_navigation/maps
[0.802s] copying maps/prueba.yaml -> /home/gonzalomarin/gonzalo_ws/install/sancho_navigation/share/sancho_navigation/maps
[0.802s] copying maps/prueba.pgm -> /home/gonzalomarin/gonzalo_ws/install/sancho_navigation/share/sancho_navigation/maps
[0.802s] copying maps/greenhouse_raw.yaml -> /home/gonzalomarin/gonzalo_ws/install/sancho_navigation/share/sancho_navigation/maps
[0.802s] copying maps/greenhouse_map.yaml -> /home/gonzalomarin/gonzalo_ws/install/sancho_navigation/share/sancho_navigation/maps
[0.802s] copying maps/greenhouse_raw.pgm -> /home/gonzalomarin/gonzalo_ws/install/sancho_navigation/share/sancho_navigation/maps
[0.802s] copying maps/greenhouse_map.pgm -> /home/gonzalomarin/gonzalo_ws/install/sancho_navigation/share/sancho_navigation/maps
[0.802s] creating /home/gonzalomarin/gonzalo_ws/install/sancho_navigation/share/sancho_navigation/test_images
[0.802s] copying test_images/test2.JPG -> /home/gonzalomarin/gonzalo_ws/install/sancho_navigation/share/sancho_navigation/test_images
[0.802s] copying test_images/test3.JPG -> /home/gonzalomarin/gonzalo_ws/install/sancho_navigation/share/sancho_navigation/test_images
[0.802s] copying test_images/test4.JPG -> /home/gonzalomarin/gonzalo_ws/install/sancho_navigation/share/sancho_navigation/test_images
[0.802s] copying test_images/test1.JPG -> /home/gonzalomarin/gonzalo_ws/install/sancho_navigation/share/sancho_navigation/test_images
[0.803s] creating /home/gonzalomarin/gonzalo_ws/install/sancho_navigation/share/sancho_navigation/models
[0.803s] copying models/tomato_model.pth -> /home/gonzalomarin/gonzalo_ws/install/sancho_navigation/share/sancho_navigation/models
[0.826s] creating /home/gonzalomarin/gonzalo_ws/install/sancho_navigation/share/sancho_navigation/models/bush_2
[0.826s] copying models/bush_2/model.config -> /home/gonzalomarin/gonzalo_ws/install/sancho_navigation/share/sancho_navigation/models/bush_2
[0.826s] copying models/bush_2/model.sdf -> /home/gonzalomarin/gonzalo_ws/install/sancho_navigation/share/sancho_navigation/models/bush_2
[0.826s] creating /home/gonzalomarin/gonzalo_ws/install/sancho_navigation/share/sancho_navigation/models/bush_2/meshes
[0.826s] copying models/bush_2/meshes/bush_2.obj -> /home/gonzalomarin/gonzalo_ws/install/sancho_navigation/share/sancho_navigation/models/bush_2/meshes
[0.828s] copying models/bush_2/meshes/Green_Le.jpg -> /home/gonzalomarin/gonzalo_ws/install/sancho_navigation/share/sancho_navigation/models/bush_2/meshes
[0.828s] copying models/bush_2/meshes/bush_2.mtl -> /home/gonzalomarin/gonzalo_ws/install/sancho_navigation/share/sancho_navigation/models/bush_2/meshes
[0.828s] running install_egg_info
[0.829s] Copying ../../build/sancho_navigation/sancho_navigation.egg-info to /home/gonzalomarin/gonzalo_ws/install/sancho_navigation/lib/python3.10/site-packages/sancho_navigation-0.0.0-py3.10.egg-info
[0.830s] running install_scripts
[0.848s] Installing greenhouse_navigator script to /home/gonzalomarin/gonzalo_ws/install/sancho_navigation/lib/sancho_navigation
[0.848s] Installing lineal_route_generator script to /home/gonzalomarin/gonzalo_ws/install/sancho_navigation/lib/sancho_navigation
[0.848s] Installing route_generator script to /home/gonzalomarin/gonzalo_ws/install/sancho_navigation/lib/sancho_navigation
[0.848s] writing list of installed files to '/home/gonzalomarin/gonzalo_ws/build/sancho_navigation/install.log'
[0.866s] Invoked command in '/home/gonzalomarin/gonzalo_ws/src/sancho_navigation' returned '0': PYTHONPATH=/home/gonzalomarin/gonzalo_ws/build/sancho_navigation/prefix_override:/usr/lib/python3/dist-packages/colcon_core/task/python/colcon_distutils_commands:/home/gonzalomarin/gonzalo_ws/install/sancho_navigation/lib/python3.10/site-packages:${PYTHONPATH} /usr/bin/python3 -W ignore:setup.py install is deprecated -W ignore:easy_install command is deprecated setup.py egg_info --egg-base ../../build/sancho_navigation build --build-base /home/gonzalomarin/gonzalo_ws/build/sancho_navigation/build install --record /home/gonzalomarin/gonzalo_ws/build/sancho_navigation/install.log --single-version-externally-managed install_data
