[0.981s] Invoking command in '/home/gonzalo/gonzalo_ws/src/sancho_navigation': PYTHONPATH=/home/gonzalo/gonzalo_ws/build/sancho_navigation/prefix_override:/usr/lib/python3/dist-packages/colcon_core/task/python/colcon_distutils_commands:/home/gonzalo/gonzalo_ws/install/sancho_navigation/lib/python3.10/site-packages:${PYTHONPATH} /usr/bin/python3 -W ignore:setup.py install is deprecated -W ignore:easy_install command is deprecated setup.py egg_info --egg-base ../../build/sancho_navigation build --build-base /home/gonzalo/gonzalo_ws/build/sancho_navigation/build install --record /home/gonzalo/gonzalo_ws/build/sancho_navigation/install.log --single-version-externally-managed install_data
[1.299s] running egg_info
[1.302s] creating ../../build/sancho_navigation/sancho_navigation.egg-info
[1.303s] writing ../../build/sancho_navigation/sancho_navigation.egg-info/PKG-INFO
[1.304s] writing dependency_links to ../../build/sancho_navigation/sancho_navigation.egg-info/dependency_links.txt
[1.304s] writing entry points to ../../build/sancho_navigation/sancho_navigation.egg-info/entry_points.txt
[1.309s] writing requirements to ../../build/sancho_navigation/sancho_navigation.egg-info/requires.txt
[1.309s] writing top-level names to ../../build/sancho_navigation/sancho_navigation.egg-info/top_level.txt
[1.310s] writing manifest file '../../build/sancho_navigation/sancho_navigation.egg-info/SOURCES.txt'
[1.310s] reading manifest file '../../build/sancho_navigation/sancho_navigation.egg-info/SOURCES.txt'
[1.310s] writing manifest file '../../build/sancho_navigation/sancho_navigation.egg-info/SOURCES.txt'
[1.311s] running build
[1.314s] running build_py
[1.314s] creating /home/gonzalo/gonzalo_ws/build/sancho_navigation/build
[1.316s] creating /home/gonzalo/gonzalo_ws/build/sancho_navigation/build/lib
[1.316s] creating /home/gonzalo/gonzalo_ws/build/sancho_navigation/build/lib/sancho_navigation
[1.316s] copying sancho_navigation/route_generator.py -> /home/gonzalo/gonzalo_ws/build/sancho_navigation/build/lib/sancho_navigation
[1.316s] copying sancho_navigation/__init__.py -> /home/gonzalo/gonzalo_ws/build/sancho_navigation/build/lib/sancho_navigation
[1.316s] copying sancho_navigation/greenhouse_navigator.py -> /home/gonzalo/gonzalo_ws/build/sancho_navigation/build/lib/sancho_navigation
[1.317s] running install
[1.322s] running install_lib
[1.323s] creating /home/gonzalo/gonzalo_ws/install/sancho_navigation/lib/python3.10/site-packages/sancho_navigation
[1.323s] copying /home/gonzalo/gonzalo_ws/build/sancho_navigation/build/lib/sancho_navigation/route_generator.py -> /home/gonzalo/gonzalo_ws/install/sancho_navigation/lib/python3.10/site-packages/sancho_navigation
[1.323s] copying /home/gonzalo/gonzalo_ws/build/sancho_navigation/build/lib/sancho_navigation/__init__.py -> /home/gonzalo/gonzalo_ws/install/sancho_navigation/lib/python3.10/site-packages/sancho_navigation
[1.323s] copying /home/gonzalo/gonzalo_ws/build/sancho_navigation/build/lib/sancho_navigation/greenhouse_navigator.py -> /home/gonzalo/gonzalo_ws/install/sancho_navigation/lib/python3.10/site-packages/sancho_navigation
[1.323s] byte-compiling /home/gonzalo/gonzalo_ws/install/sancho_navigation/lib/python3.10/site-packages/sancho_navigation/route_generator.py to route_generator.cpython-310.pyc
[1.323s] byte-compiling /home/gonzalo/gonzalo_ws/install/sancho_navigation/lib/python3.10/site-packages/sancho_navigation/__init__.py to __init__.cpython-310.pyc
[1.323s] byte-compiling /home/gonzalo/gonzalo_ws/install/sancho_navigation/lib/python3.10/site-packages/sancho_navigation/greenhouse_navigator.py to greenhouse_navigator.cpython-310.pyc
[1.323s] running install_data
[1.323s] creating /home/gonzalo/gonzalo_ws/install/sancho_navigation/share/ament_index
[1.323s] creating /home/gonzalo/gonzalo_ws/install/sancho_navigation/share/ament_index/resource_index
[1.323s] creating /home/gonzalo/gonzalo_ws/install/sancho_navigation/share/ament_index/resource_index/packages
[1.323s] copying resource/sancho_navigation -> /home/gonzalo/gonzalo_ws/install/sancho_navigation/share/ament_index/resource_index/packages
[1.325s] copying package.xml -> /home/gonzalo/gonzalo_ws/install/sancho_navigation/share/sancho_navigation
[1.325s] creating /home/gonzalo/gonzalo_ws/install/sancho_navigation/share/sancho_navigation/launch
[1.325s] copying launch/nav2_route.launch.py -> /home/gonzalo/gonzalo_ws/install/sancho_navigation/share/sancho_navigation/launch
[1.326s] copying launch/simulation.launch.py -> /home/gonzalo/gonzalo_ws/install/sancho_navigation/share/sancho_navigation/launch
[1.326s] copying launch/navigation.launch.py -> /home/gonzalo/gonzalo_ws/install/sancho_navigation/share/sancho_navigation/launch
[1.326s] copying launch/slam.launch.py -> /home/gonzalo/gonzalo_ws/install/sancho_navigation/share/sancho_navigation/launch
[1.326s] copying launch/navigation_only.launch.py -> /home/gonzalo/gonzalo_ws/install/sancho_navigation/share/sancho_navigation/launch
[1.326s] copying launch/localization.launch.py -> /home/gonzalo/gonzalo_ws/install/sancho_navigation/share/sancho_navigation/launch
[1.326s] creating /home/gonzalo/gonzalo_ws/install/sancho_navigation/share/sancho_navigation/config
[1.330s] copying config/my_route.yaml -> /home/gonzalo/gonzalo_ws/install/sancho_navigation/share/sancho_navigation/config
[1.331s] copying config/nav2_params.yaml -> /home/gonzalo/gonzalo_ws/install/sancho_navigation/share/sancho_navigation/config
[1.331s] copying config/mapper_params_online_async.yaml -> /home/gonzalo/gonzalo_ws/install/sancho_navigation/share/sancho_navigation/config
[1.331s] creating /home/gonzalo/gonzalo_ws/install/sancho_navigation/share/sancho_navigation/worlds
[1.331s] copying worlds/greenhouse.world -> /home/gonzalo/gonzalo_ws/install/sancho_navigation/share/sancho_navigation/worlds
[1.331s] creating /home/gonzalo/gonzalo_ws/install/sancho_navigation/share/sancho_navigation/maps
[1.332s] copying maps/prueba.yaml -> /home/gonzalo/gonzalo_ws/install/sancho_navigation/share/sancho_navigation/maps
[1.336s] copying maps/greenhouse_map.pgm -> /home/gonzalo/gonzalo_ws/install/sancho_navigation/share/sancho_navigation/maps
[1.336s] copying maps/prueba.pgm -> /home/gonzalo/gonzalo_ws/install/sancho_navigation/share/sancho_navigation/maps
[1.336s] copying maps/greenhouse_map.yaml -> /home/gonzalo/gonzalo_ws/install/sancho_navigation/share/sancho_navigation/maps
[1.336s] creating /home/gonzalo/gonzalo_ws/install/sancho_navigation/share/sancho_navigation/models
[1.336s] copying models/tomato_model.pth -> /home/gonzalo/gonzalo_ws/install/sancho_navigation/share/sancho_navigation/models
[1.566s] creating /home/gonzalo/gonzalo_ws/install/sancho_navigation/share/sancho_navigation/models/bush_2
[1.566s] copying models/bush_2/model.config -> /home/gonzalo/gonzalo_ws/install/sancho_navigation/share/sancho_navigation/models/bush_2
[1.568s] copying models/bush_2/model.sdf -> /home/gonzalo/gonzalo_ws/install/sancho_navigation/share/sancho_navigation/models/bush_2
[1.568s] creating /home/gonzalo/gonzalo_ws/install/sancho_navigation/share/sancho_navigation/models/bush_2/meshes
[1.568s] copying models/bush_2/meshes/Green_Le.jpg -> /home/gonzalo/gonzalo_ws/install/sancho_navigation/share/sancho_navigation/models/bush_2/meshes
[1.568s] copying models/bush_2/meshes/bush_2.obj -> /home/gonzalo/gonzalo_ws/install/sancho_navigation/share/sancho_navigation/models/bush_2/meshes
[1.585s] copying models/bush_2/meshes/bush_2.mtl -> /home/gonzalo/gonzalo_ws/install/sancho_navigation/share/sancho_navigation/models/bush_2/meshes
[1.585s] running install_egg_info
[1.589s] Copying ../../build/sancho_navigation/sancho_navigation.egg-info to /home/gonzalo/gonzalo_ws/install/sancho_navigation/lib/python3.10/site-packages/sancho_navigation-0.0.0-py3.10.egg-info
[1.589s] running install_scripts
[1.613s] Installing greenhouse_navigator script to /home/gonzalo/gonzalo_ws/install/sancho_navigation/lib/sancho_navigation
[1.614s] Installing plant_doctor script to /home/gonzalo/gonzalo_ws/install/sancho_navigation/lib/sancho_navigation
[1.614s] Installing route_generator script to /home/gonzalo/gonzalo_ws/install/sancho_navigation/lib/sancho_navigation
[1.614s] Installing waypoint_saver script to /home/gonzalo/gonzalo_ws/install/sancho_navigation/lib/sancho_navigation
[1.615s] writing list of installed files to '/home/gonzalo/gonzalo_ws/build/sancho_navigation/install.log'
[1.645s] Invoked command in '/home/gonzalo/gonzalo_ws/src/sancho_navigation' returned '0': PYTHONPATH=/home/gonzalo/gonzalo_ws/build/sancho_navigation/prefix_override:/usr/lib/python3/dist-packages/colcon_core/task/python/colcon_distutils_commands:/home/gonzalo/gonzalo_ws/install/sancho_navigation/lib/python3.10/site-packages:${PYTHONPATH} /usr/bin/python3 -W ignore:setup.py install is deprecated -W ignore:easy_install command is deprecated setup.py egg_info --egg-base ../../build/sancho_navigation build --build-base /home/gonzalo/gonzalo_ws/build/sancho_navigation/build install --record /home/gonzalo/gonzalo_ws/build/sancho_navigation/install.log --single-version-externally-managed install_data
