[0.713s] Invoking command in '/home/mapir/gonzalo_ws/src/sancho_navigation': PYTHONPATH=/home/mapir/gonzalo_ws/build/sancho_navigation/prefix_override:/usr/lib/python3/dist-packages/colcon_core/task/python/colcon_distutils_commands:/home/mapir/gonzalo_ws/install/sancho_navigation/lib/python3.10/site-packages:${PYTHONPATH} /usr/bin/python3 -W ignore:setup.py install is deprecated -W ignore:easy_install command is deprecated setup.py egg_info --egg-base ../../build/sancho_navigation build --build-base /home/mapir/gonzalo_ws/build/sancho_navigation/build install --record /home/mapir/gonzalo_ws/build/sancho_navigation/install.log --single-version-externally-managed install_data
[0.970s] running egg_info
[0.973s] creating ../../build/sancho_navigation/sancho_navigation.egg-info
[0.973s] writing ../../build/sancho_navigation/sancho_navigation.egg-info/PKG-INFO
[0.974s] writing dependency_links to ../../build/sancho_navigation/sancho_navigation.egg-info/dependency_links.txt
[0.974s] writing entry points to ../../build/sancho_navigation/sancho_navigation.egg-info/entry_points.txt
[0.974s] writing requirements to ../../build/sancho_navigation/sancho_navigation.egg-info/requires.txt
[0.974s] writing top-level names to ../../build/sancho_navigation/sancho_navigation.egg-info/top_level.txt
[0.974s] writing manifest file '../../build/sancho_navigation/sancho_navigation.egg-info/SOURCES.txt'
[0.976s] reading manifest file '../../build/sancho_navigation/sancho_navigation.egg-info/SOURCES.txt'
[0.977s] writing manifest file '../../build/sancho_navigation/sancho_navigation.egg-info/SOURCES.txt'
[0.977s] running build
[0.977s] running build_py
[0.978s] creating /home/mapir/gonzalo_ws/build/sancho_navigation/build
[0.978s] creating /home/mapir/gonzalo_ws/build/sancho_navigation/build/lib
[0.978s] creating /home/mapir/gonzalo_ws/build/sancho_navigation/build/lib/sancho_navigation
[0.978s] copying sancho_navigation/route_generator.py -> /home/mapir/gonzalo_ws/build/sancho_navigation/build/lib/sancho_navigation
[0.978s] copying sancho_navigation/greenhouse_navigator.py -> /home/mapir/gonzalo_ws/build/sancho_navigation/build/lib/sancho_navigation
[0.978s] copying sancho_navigation/__init__.py -> /home/mapir/gonzalo_ws/build/sancho_navigation/build/lib/sancho_navigation
[0.978s] running install
[0.978s] running install_lib
[0.980s] creating /home/mapir/gonzalo_ws/install/sancho_navigation/lib/python3.10/site-packages/sancho_navigation
[0.980s] copying /home/mapir/gonzalo_ws/build/sancho_navigation/build/lib/sancho_navigation/route_generator.py -> /home/mapir/gonzalo_ws/install/sancho_navigation/lib/python3.10/site-packages/sancho_navigation
[0.980s] copying /home/mapir/gonzalo_ws/build/sancho_navigation/build/lib/sancho_navigation/greenhouse_navigator.py -> /home/mapir/gonzalo_ws/install/sancho_navigation/lib/python3.10/site-packages/sancho_navigation
[0.980s] copying /home/mapir/gonzalo_ws/build/sancho_navigation/build/lib/sancho_navigation/__init__.py -> /home/mapir/gonzalo_ws/install/sancho_navigation/lib/python3.10/site-packages/sancho_navigation
[0.981s] byte-compiling /home/mapir/gonzalo_ws/install/sancho_navigation/lib/python3.10/site-packages/sancho_navigation/route_generator.py to route_generator.cpython-310.pyc
[0.981s] byte-compiling /home/mapir/gonzalo_ws/install/sancho_navigation/lib/python3.10/site-packages/sancho_navigation/greenhouse_navigator.py to greenhouse_navigator.cpython-310.pyc
[0.984s] byte-compiling /home/mapir/gonzalo_ws/install/sancho_navigation/lib/python3.10/site-packages/sancho_navigation/__init__.py to __init__.cpython-310.pyc
[0.984s] running install_data
[0.984s] creating /home/mapir/gonzalo_ws/install/sancho_navigation/share/ament_index
[0.984s] creating /home/mapir/gonzalo_ws/install/sancho_navigation/share/ament_index/resource_index
[0.984s] creating /home/mapir/gonzalo_ws/install/sancho_navigation/share/ament_index/resource_index/packages
[0.984s] copying resource/sancho_navigation -> /home/mapir/gonzalo_ws/install/sancho_navigation/share/ament_index/resource_index/packages
[0.984s] copying package.xml -> /home/mapir/gonzalo_ws/install/sancho_navigation/share/sancho_navigation
[0.984s] creating /home/mapir/gonzalo_ws/install/sancho_navigation/share/sancho_navigation/launch
[0.984s] copying launch/navigation.launch.py -> /home/mapir/gonzalo_ws/install/sancho_navigation/share/sancho_navigation/launch
[0.984s] copying launch/slam.launch.py -> /home/mapir/gonzalo_ws/install/sancho_navigation/share/sancho_navigation/launch
[0.984s] copying launch/navigation_only.launch.py -> /home/mapir/gonzalo_ws/install/sancho_navigation/share/sancho_navigation/launch
[0.984s] copying launch/nav2_route.launch.py -> /home/mapir/gonzalo_ws/install/sancho_navigation/share/sancho_navigation/launch
[0.985s] copying launch/simulation.launch.py -> /home/mapir/gonzalo_ws/install/sancho_navigation/share/sancho_navigation/launch
[0.985s] copying launch/localization.launch.py -> /home/mapir/gonzalo_ws/install/sancho_navigation/share/sancho_navigation/launch
[0.985s] creating /home/mapir/gonzalo_ws/install/sancho_navigation/share/sancho_navigation/config
[0.985s] copying config/mapper_params_online_async.yaml -> /home/mapir/gonzalo_ws/install/sancho_navigation/share/sancho_navigation/config
[0.985s] copying config/my_route.yaml -> /home/mapir/gonzalo_ws/install/sancho_navigation/share/sancho_navigation/config
[0.986s] copying config/nav2_params.yaml -> /home/mapir/gonzalo_ws/install/sancho_navigation/share/sancho_navigation/config
[0.987s] creating /home/mapir/gonzalo_ws/install/sancho_navigation/share/sancho_navigation/worlds
[0.987s] copying worlds/greenhouse.world -> /home/mapir/gonzalo_ws/install/sancho_navigation/share/sancho_navigation/worlds
[0.988s] creating /home/mapir/gonzalo_ws/install/sancho_navigation/share/sancho_navigation/maps
[0.988s] copying maps/prueba.pgm -> /home/mapir/gonzalo_ws/install/sancho_navigation/share/sancho_navigation/maps
[0.988s] copying maps/prueba.yaml -> /home/mapir/gonzalo_ws/install/sancho_navigation/share/sancho_navigation/maps
[0.988s] copying maps/greenhouse_map.yaml -> /home/mapir/gonzalo_ws/install/sancho_navigation/share/sancho_navigation/maps
[0.989s] copying maps/greenhouse_map.pgm -> /home/mapir/gonzalo_ws/install/sancho_navigation/share/sancho_navigation/maps
[0.989s] creating /home/mapir/gonzalo_ws/install/sancho_navigation/share/sancho_navigation/models
[0.989s] copying models/tomato_model.pth -> /home/mapir/gonzalo_ws/install/sancho_navigation/share/sancho_navigation/models
[1.021s] creating /home/mapir/gonzalo_ws/install/sancho_navigation/share/sancho_navigation/models/bush_2
[1.021s] copying models/bush_2/model.sdf -> /home/mapir/gonzalo_ws/install/sancho_navigation/share/sancho_navigation/models/bush_2
[1.021s] copying models/bush_2/model.config -> /home/mapir/gonzalo_ws/install/sancho_navigation/share/sancho_navigation/models/bush_2
[1.021s] creating /home/mapir/gonzalo_ws/install/sancho_navigation/share/sancho_navigation/models/bush_2/meshes
[1.021s] copying models/bush_2/meshes/Green_Le.jpg -> /home/mapir/gonzalo_ws/install/sancho_navigation/share/sancho_navigation/models/bush_2/meshes
[1.022s] copying models/bush_2/meshes/bush_2.obj -> /home/mapir/gonzalo_ws/install/sancho_navigation/share/sancho_navigation/models/bush_2/meshes
[1.023s] copying models/bush_2/meshes/bush_2.mtl -> /home/mapir/gonzalo_ws/install/sancho_navigation/share/sancho_navigation/models/bush_2/meshes
[1.023s] running install_egg_info
[1.026s] Copying ../../build/sancho_navigation/sancho_navigation.egg-info to /home/mapir/gonzalo_ws/install/sancho_navigation/lib/python3.10/site-packages/sancho_navigation-0.0.0-py3.10.egg-info
[1.026s] running install_scripts
[1.047s] Installing greenhouse_navigator script to /home/mapir/gonzalo_ws/install/sancho_navigation/lib/sancho_navigation
[1.048s] Installing plant_doctor script to /home/mapir/gonzalo_ws/install/sancho_navigation/lib/sancho_navigation
[1.048s] Installing route_generator script to /home/mapir/gonzalo_ws/install/sancho_navigation/lib/sancho_navigation
[1.048s] Installing waypoint_saver script to /home/mapir/gonzalo_ws/install/sancho_navigation/lib/sancho_navigation
[1.048s] writing list of installed files to '/home/mapir/gonzalo_ws/build/sancho_navigation/install.log'
[1.080s] Invoked command in '/home/mapir/gonzalo_ws/src/sancho_navigation' returned '0': PYTHONPATH=/home/mapir/gonzalo_ws/build/sancho_navigation/prefix_override:/usr/lib/python3/dist-packages/colcon_core/task/python/colcon_distutils_commands:/home/mapir/gonzalo_ws/install/sancho_navigation/lib/python3.10/site-packages:${PYTHONPATH} /usr/bin/python3 -W ignore:setup.py install is deprecated -W ignore:easy_install command is deprecated setup.py egg_info --egg-base ../../build/sancho_navigation build --build-base /home/mapir/gonzalo_ws/build/sancho_navigation/build install --record /home/mapir/gonzalo_ws/build/sancho_navigation/install.log --single-version-externally-managed install_data
