[0.598s] Invoking command in '/home/gonzalomarin/gonzalo_ws/src/sancho_navigation': PYTHONPATH=/home/gonzalomarin/gonzalo_ws/build/sancho_navigation/prefix_override:/usr/lib/python3/dist-packages/colcon_core/task/python/colcon_distutils_commands:/home/gonzalomarin/gonzalo_ws/install/sancho_navigation/lib/python3.10/site-packages:${PYTHONPATH} /usr/bin/python3 -W ignore:setup.py install is deprecated -W ignore:easy_install command is deprecated setup.py egg_info --egg-base ../../build/sancho_navigation build --build-base /home/gonzalomarin/gonzalo_ws/build/sancho_navigation/build install --record /home/gonzalomarin/gonzalo_ws/build/sancho_navigation/install.log --single-version-externally-managed install_data
[0.824s] running egg_info
[0.825s] writing ../../build/sancho_navigation/sancho_navigation.egg-info/PKG-INFO
[0.825s] writing dependency_links to ../../build/sancho_navigation/sancho_navigation.egg-info/dependency_links.txt
[0.825s] writing entry points to ../../build/sancho_navigation/sancho_navigation.egg-info/entry_points.txt
[0.825s] writing requirements to ../../build/sancho_navigation/sancho_navigation.egg-info/requires.txt
[0.825s] writing top-level names to ../../build/sancho_navigation/sancho_navigation.egg-info/top_level.txt
[0.827s] reading manifest file '../../build/sancho_navigation/sancho_navigation.egg-info/SOURCES.txt'
[0.828s] writing manifest file '../../build/sancho_navigation/sancho_navigation.egg-info/SOURCES.txt'
[0.828s] running build
[0.828s] running build_py
[0.828s] copying sancho_navigation/map_processor_final.py -> /home/gonzalomarin/gonzalo_ws/build/sancho_navigation/build/lib/sancho_navigation
[0.829s] running install
[0.829s] running install_lib
[0.830s] copying /home/gonzalomarin/gonzalo_ws/build/sancho_navigation/build/lib/sancho_navigation/map_processor_final.py -> /home/gonzalomarin/gonzalo_ws/install/sancho_navigation/lib/python3.10/site-packages/sancho_navigation
[0.831s] byte-compiling /home/gonzalomarin/gonzalo_ws/install/sancho_navigation/lib/python3.10/site-packages/sancho_navigation/map_processor_final.py to map_processor_final.cpython-310.pyc
[0.831s] running install_data
[0.832s] copying maps/greenhouse_raw.yaml -> /home/gonzalomarin/gonzalo_ws/install/sancho_navigation/share/sancho_navigation/maps
[0.832s] copying maps/greenhouse_map.yaml -> /home/gonzalomarin/gonzalo_ws/install/sancho_navigation/share/sancho_navigation/maps
[0.832s] copying maps/greenhouse_raw.pgm -> /home/gonzalomarin/gonzalo_ws/install/sancho_navigation/share/sancho_navigation/maps
[0.832s] copying maps/greenhouse_map.pgm -> /home/gonzalomarin/gonzalo_ws/install/sancho_navigation/share/sancho_navigation/maps
[0.832s] running install_egg_info
[0.834s] removing '/home/gonzalomarin/gonzalo_ws/install/sancho_navigation/lib/python3.10/site-packages/sancho_navigation-0.0.0-py3.10.egg-info' (and everything under it)
[0.834s] Copying ../../build/sancho_navigation/sancho_navigation.egg-info to /home/gonzalomarin/gonzalo_ws/install/sancho_navigation/lib/python3.10/site-packages/sancho_navigation-0.0.0-py3.10.egg-info
[0.835s] running install_scripts
[0.853s] Installing greenhouse_navigator script to /home/gonzalomarin/gonzalo_ws/install/sancho_navigation/lib/sancho_navigation
[0.853s] Installing lineal_route_generator script to /home/gonzalomarin/gonzalo_ws/install/sancho_navigation/lib/sancho_navigation
[0.853s] Installing route_generator script to /home/gonzalomarin/gonzalo_ws/install/sancho_navigation/lib/sancho_navigation
[0.853s] writing list of installed files to '/home/gonzalomarin/gonzalo_ws/build/sancho_navigation/install.log'
[0.872s] Invoked command in '/home/gonzalomarin/gonzalo_ws/src/sancho_navigation' returned '0': PYTHONPATH=/home/gonzalomarin/gonzalo_ws/build/sancho_navigation/prefix_override:/usr/lib/python3/dist-packages/colcon_core/task/python/colcon_distutils_commands:/home/gonzalomarin/gonzalo_ws/install/sancho_navigation/lib/python3.10/site-packages:${PYTHONPATH} /usr/bin/python3 -W ignore:setup.py install is deprecated -W ignore:easy_install command is deprecated setup.py egg_info --egg-base ../../build/sancho_navigation build --build-base /home/gonzalomarin/gonzalo_ws/build/sancho_navigation/build install --record /home/gonzalomarin/gonzalo_ws/build/sancho_navigation/install.log --single-version-externally-managed install_data
