[0.638s] Invoking command in '/home/gonzalomarin/gonzalo_ws/src/sancho_navigation': PYTHONPATH=/home/gonzalomarin/gonzalo_ws/build/sancho_navigation/prefix_override:/usr/lib/python3/dist-packages/colcon_core/task/python/colcon_distutils_commands:/home/gonzalomarin/gonzalo_ws/install/sancho_navigation/lib/python3.10/site-packages:${PYTHONPATH} /usr/bin/python3 -W ignore:setup.py install is deprecated -W ignore:easy_install command is deprecated setup.py egg_info --egg-base ../../build/sancho_navigation build --build-base /home/gonzalomarin/gonzalo_ws/build/sancho_navigation/build install --record /home/gonzalomarin/gonzalo_ws/build/sancho_navigation/install.log --single-version-externally-managed install_data
[0.876s] running egg_info
[0.876s] creating ../../build/sancho_navigation/sancho_navigation.egg-info
[0.876s] writing ../../build/sancho_navigation/sancho_navigation.egg-info/PKG-INFO
[0.877s] writing dependency_links to ../../build/sancho_navigation/sancho_navigation.egg-info/dependency_links.txt
[0.877s] writing entry points to ../../build/sancho_navigation/sancho_navigation.egg-info/entry_points.txt
[0.877s] writing requirements to ../../build/sancho_navigation/sancho_navigation.egg-info/requires.txt
[0.877s] writing top-level names to ../../build/sancho_navigation/sancho_navigation.egg-info/top_level.txt
[0.877s] writing manifest file '../../build/sancho_navigation/sancho_navigation.egg-info/SOURCES.txt'
[0.879s] reading manifest file '../../build/sancho_navigation/sancho_navigation.egg-info/SOURCES.txt'
[0.880s] writing manifest file '../../build/sancho_navigation/sancho_navigation.egg-info/SOURCES.txt'
[0.880s] running build
[0.880s] running build_py
[0.881s] creating /home/gonzalomarin/gonzalo_ws/build/sancho_navigation/build
[0.881s] creating /home/gonzalomarin/gonzalo_ws/build/sancho_navigation/build/lib
[0.881s] creating /home/gonzalomarin/gonzalo_ws/build/sancho_navigation/build/lib/sancho_navigation
[0.881s] copying sancho_navigation/route_visualizer.py -> /home/gonzalomarin/gonzalo_ws/build/sancho_navigation/build/lib/sancho_navigation
[0.882s] copying sancho_navigation/plant_doctor.py -> /home/gonzalomarin/gonzalo_ws/build/sancho_navigation/build/lib/sancho_navigation
[0.882s] copying sancho_navigation/__init__.py -> /home/gonzalomarin/gonzalo_ws/build/sancho_navigation/build/lib/sancho_navigation
[0.882s] copying sancho_navigation/greenhouse_navigator.py -> /home/gonzalomarin/gonzalo_ws/build/sancho_navigation/build/lib/sancho_navigation
[0.883s] running install
[0.885s] running install_lib
[0.885s] creating /home/gonzalomarin/gonzalo_ws/install/sancho_navigation/lib/python3.10/site-packages/sancho_navigation
[0.885s] copying /home/gonzalomarin/gonzalo_ws/build/sancho_navigation/build/lib/sancho_navigation/route_visualizer.py -> /home/gonzalomarin/gonzalo_ws/install/sancho_navigation/lib/python3.10/site-packages/sancho_navigation
[0.886s] copying /home/gonzalomarin/gonzalo_ws/build/sancho_navigation/build/lib/sancho_navigation/plant_doctor.py -> /home/gonzalomarin/gonzalo_ws/install/sancho_navigation/lib/python3.10/site-packages/sancho_navigation
[0.886s] copying /home/gonzalomarin/gonzalo_ws/build/sancho_navigation/build/lib/sancho_navigation/__init__.py -> /home/gonzalomarin/gonzalo_ws/install/sancho_navigation/lib/python3.10/site-packages/sancho_navigation
[0.886s] copying /home/gonzalomarin/gonzalo_ws/build/sancho_navigation/build/lib/sancho_navigation/greenhouse_navigator.py -> /home/gonzalomarin/gonzalo_ws/install/sancho_navigation/lib/python3.10/site-packages/sancho_navigation
[0.886s] byte-compiling /home/gonzalomarin/gonzalo_ws/install/sancho_navigation/lib/python3.10/site-packages/sancho_navigation/route_visualizer.py to route_visualizer.cpython-310.pyc
[0.888s] byte-compiling /home/gonzalomarin/gonzalo_ws/install/sancho_navigation/lib/python3.10/site-packages/sancho_navigation/plant_doctor.py to plant_doctor.cpython-310.pyc
[0.888s] byte-compiling /home/gonzalomarin/gonzalo_ws/install/sancho_navigation/lib/python3.10/site-packages/sancho_navigation/__init__.py to __init__.cpython-310.pyc
[0.888s] byte-compiling /home/gonzalomarin/gonzalo_ws/install/sancho_navigation/lib/python3.10/site-packages/sancho_navigation/greenhouse_navigator.py to greenhouse_navigator.cpython-310.pyc
[0.890s] running install_data
[0.890s] creating /home/gonzalomarin/gonzalo_ws/install/sancho_navigation/share/ament_index
[0.890s] creating /home/gonzalomarin/gonzalo_ws/install/sancho_navigation/share/ament_index/resource_index
[0.890s] creating /home/gonzalomarin/gonzalo_ws/install/sancho_navigation/share/ament_index/resource_index/packages
[0.890s] copying resource/sancho_navigation -> /home/gonzalomarin/gonzalo_ws/install/sancho_navigation/share/ament_index/resource_index/packages
[0.890s] copying package.xml -> /home/gonzalomarin/gonzalo_ws/install/sancho_navigation/share/sancho_navigation
[0.890s] creating /home/gonzalomarin/gonzalo_ws/install/sancho_navigation/share/sancho_navigation/launch
[0.890s] copying launch/simulation.launch.py -> /home/gonzalomarin/gonzalo_ws/install/sancho_navigation/share/sancho_navigation/launch
[0.890s] copying launch/real_navigation.launch.py -> /home/gonzalomarin/gonzalo_ws/install/sancho_navigation/share/sancho_navigation/launch
[0.890s] copying launch/slam.launch.py -> /home/gonzalomarin/gonzalo_ws/install/sancho_navigation/share/sancho_navigation/launch
[0.891s] copying launch/navigation.launch.py -> /home/gonzalomarin/gonzalo_ws/install/sancho_navigation/share/sancho_navigation/launch
[0.891s] creating /home/gonzalomarin/gonzalo_ws/install/sancho_navigation/share/sancho_navigation/config
[0.891s] copying config/nav2_params_real.yaml -> /home/gonzalomarin/gonzalo_ws/install/sancho_navigation/share/sancho_navigation/config
[0.891s] copying config/nav2_params_sim.yaml -> /home/gonzalomarin/gonzalo_ws/install/sancho_navigation/share/sancho_navigation/config
[0.891s] copying config/greenhouse_config.yaml -> /home/gonzalomarin/gonzalo_ws/install/sancho_navigation/share/sancho_navigation/config
[0.891s] copying config/mapper_params_online_async.yaml -> /home/gonzalomarin/gonzalo_ws/install/sancho_navigation/share/sancho_navigation/config
[0.892s] copying config/mapper_params_real.yaml -> /home/gonzalomarin/gonzalo_ws/install/sancho_navigation/share/sancho_navigation/config
[0.892s] creating /home/gonzalomarin/gonzalo_ws/install/sancho_navigation/share/sancho_navigation/worlds
[0.892s] copying worlds/greenhouse.world -> /home/gonzalomarin/gonzalo_ws/install/sancho_navigation/share/sancho_navigation/worlds
[0.892s] creating /home/gonzalomarin/gonzalo_ws/install/sancho_navigation/share/sancho_navigation/maps
[0.892s] copying maps/prueba.yaml -> /home/gonzalomarin/gonzalo_ws/install/sancho_navigation/share/sancho_navigation/maps
[0.893s] copying maps/prueba.pgm -> /home/gonzalomarin/gonzalo_ws/install/sancho_navigation/share/sancho_navigation/maps
[0.893s] copying maps/greenhouse_raw.yaml -> /home/gonzalomarin/gonzalo_ws/install/sancho_navigation/share/sancho_navigation/maps
[0.893s] copying maps/greenhouse_map.yaml -> /home/gonzalomarin/gonzalo_ws/install/sancho_navigation/share/sancho_navigation/maps
[0.894s] copying maps/greenhouse_raw.pgm -> /home/gonzalomarin/gonzalo_ws/install/sancho_navigation/share/sancho_navigation/maps
[0.894s] copying maps/greenhouse_map.pgm -> /home/gonzalomarin/gonzalo_ws/install/sancho_navigation/share/sancho_navigation/maps
[0.895s] creating /home/gonzalomarin/gonzalo_ws/install/sancho_navigation/share/sancho_navigation/test_images
[0.895s] copying test_images/test2.JPG -> /home/gonzalomarin/gonzalo_ws/install/sancho_navigation/share/sancho_navigation/test_images
[0.895s] copying test_images/test3.JPG -> /home/gonzalomarin/gonzalo_ws/install/sancho_navigation/share/sancho_navigation/test_images
[0.895s] copying test_images/test4.JPG -> /home/gonzalomarin/gonzalo_ws/install/sancho_navigation/share/sancho_navigation/test_images
[0.896s] copying test_images/test1.JPG -> /home/gonzalomarin/gonzalo_ws/install/sancho_navigation/share/sancho_navigation/test_images
[0.896s] creating /home/gonzalomarin/gonzalo_ws/install/sancho_navigation/share/sancho_navigation/models
[0.896s] copying models/tomato_model.pth -> /home/gonzalomarin/gonzalo_ws/install/sancho_navigation/share/sancho_navigation/models
[0.973s] creating /home/gonzalomarin/gonzalo_ws/install/sancho_navigation/share/sancho_navigation/models/bush_2
[0.973s] copying models/bush_2/model.config -> /home/gonzalomarin/gonzalo_ws/install/sancho_navigation/share/sancho_navigation/models/bush_2
[0.973s] copying models/bush_2/model.sdf -> /home/gonzalomarin/gonzalo_ws/install/sancho_navigation/share/sancho_navigation/models/bush_2
[0.973s] creating /home/gonzalomarin/gonzalo_ws/install/sancho_navigation/share/sancho_navigation/models/bush_2/meshes
[0.973s] copying models/bush_2/meshes/bush_2.obj -> /home/gonzalomarin/gonzalo_ws/install/sancho_navigation/share/sancho_navigation/models/bush_2/meshes
[0.978s] copying models/bush_2/meshes/Green_Le.jpg -> /home/gonzalomarin/gonzalo_ws/install/sancho_navigation/share/sancho_navigation/models/bush_2/meshes
[0.978s] copying models/bush_2/meshes/bush_2.mtl -> /home/gonzalomarin/gonzalo_ws/install/sancho_navigation/share/sancho_navigation/models/bush_2/meshes
[0.978s] running install_egg_info
[0.981s] Copying ../../build/sancho_navigation/sancho_navigation.egg-info to /home/gonzalomarin/gonzalo_ws/install/sancho_navigation/lib/python3.10/site-packages/sancho_navigation-0.0.0-py3.10.egg-info
[0.981s] running install_scripts
[1.002s] Installing greenhouse_navigator script to /home/gonzalomarin/gonzalo_ws/install/sancho_navigation/lib/sancho_navigation
[1.002s] Installing route_visualizer script to /home/gonzalomarin/gonzalo_ws/install/sancho_navigation/lib/sancho_navigation
[1.002s] writing list of installed files to '/home/gonzalomarin/gonzalo_ws/build/sancho_navigation/install.log'
[1.024s] Invoked command in '/home/gonzalomarin/gonzalo_ws/src/sancho_navigation' returned '0': PYTHONPATH=/home/gonzalomarin/gonzalo_ws/build/sancho_navigation/prefix_override:/usr/lib/python3/dist-packages/colcon_core/task/python/colcon_distutils_commands:/home/gonzalomarin/gonzalo_ws/install/sancho_navigation/lib/python3.10/site-packages:${PYTHONPATH} /usr/bin/python3 -W ignore:setup.py install is deprecated -W ignore:easy_install command is deprecated setup.py egg_info --egg-base ../../build/sancho_navigation build --build-base /home/gonzalomarin/gonzalo_ws/build/sancho_navigation/build install --record /home/gonzalomarin/gonzalo_ws/build/sancho_navigation/install.log --single-version-externally-managed install_data
