[1.034s] Invoking command in '/home/mapir/gonzalo_ws/src/sancho_navigation': PYTHONPATH=/home/mapir/gonzalo_ws/build/sancho_navigation/prefix_override:/usr/lib/python3/dist-packages/colcon_core/task/python/colcon_distutils_commands:/home/mapir/gonzalo_ws/install/sancho_navigation/lib/python3.10/site-packages:${PYTHONPATH} /usr/bin/python3 -W ignore:setup.py install is deprecated -W ignore:easy_install command is deprecated setup.py egg_info --egg-base ../../build/sancho_navigation build --build-base /home/mapir/gonzalo_ws/build/sancho_navigation/build install --record /home/mapir/gonzalo_ws/build/sancho_navigation/install.log --single-version-externally-managed install_data
[1.351s] running egg_info
[1.352s] writing ../../build/sancho_navigation/sancho_navigation.egg-info/PKG-INFO
[1.352s] writing dependency_links to ../../build/sancho_navigation/sancho_navigation.egg-info/dependency_links.txt
[1.352s] writing entry points to ../../build/sancho_navigation/sancho_navigation.egg-info/entry_points.txt
[1.352s] writing requirements to ../../build/sancho_navigation/sancho_navigation.egg-info/requires.txt
[1.353s] writing top-level names to ../../build/sancho_navigation/sancho_navigation.egg-info/top_level.txt
[1.355s] reading manifest file '../../build/sancho_navigation/sancho_navigation.egg-info/SOURCES.txt'
[1.356s] writing manifest file '../../build/sancho_navigation/sancho_navigation.egg-info/SOURCES.txt'
[1.356s] running build
[1.357s] running build_py
[1.357s] running install
[1.357s] running install_lib
[1.359s] running install_data
[1.359s] copying launch/slam.launch.py -> /home/mapir/gonzalo_ws/install/sancho_navigation/share/sancho_navigation/launch
[1.360s] copying config/mapper_params_online_async.yaml -> /home/mapir/gonzalo_ws/install/sancho_navigation/share/sancho_navigation/config
[1.360s] running install_egg_info
[1.363s] removing '/home/mapir/gonzalo_ws/install/sancho_navigation/lib/python3.10/site-packages/sancho_navigation-0.0.0-py3.10.egg-info' (and everything under it)
[1.363s] Copying ../../build/sancho_navigation/sancho_navigation.egg-info to /home/mapir/gonzalo_ws/install/sancho_navigation/lib/python3.10/site-packages/sancho_navigation-0.0.0-py3.10.egg-info
[1.364s] running install_scripts
[1.386s] Installing greenhouse_navigator script to /home/mapir/gonzalo_ws/install/sancho_navigation/lib/sancho_navigation
[1.386s] Installing plant_doctor script to /home/mapir/gonzalo_ws/install/sancho_navigation/lib/sancho_navigation
[1.387s] Installing route_generator script to /home/mapir/gonzalo_ws/install/sancho_navigation/lib/sancho_navigation
[1.387s] Installing waypoint_saver script to /home/mapir/gonzalo_ws/install/sancho_navigation/lib/sancho_navigation
[1.387s] writing list of installed files to '/home/mapir/gonzalo_ws/build/sancho_navigation/install.log'
[1.434s] Invoked command in '/home/mapir/gonzalo_ws/src/sancho_navigation' returned '0': PYTHONPATH=/home/mapir/gonzalo_ws/build/sancho_navigation/prefix_override:/usr/lib/python3/dist-packages/colcon_core/task/python/colcon_distutils_commands:/home/mapir/gonzalo_ws/install/sancho_navigation/lib/python3.10/site-packages:${PYTHONPATH} /usr/bin/python3 -W ignore:setup.py install is deprecated -W ignore:easy_install command is deprecated setup.py egg_info --egg-base ../../build/sancho_navigation build --build-base /home/mapir/gonzalo_ws/build/sancho_navigation/build install --record /home/mapir/gonzalo_ws/build/sancho_navigation/install.log --single-version-externally-managed install_data
