[0.570s] Invoking command in '/home/gonzalomarin/gonzalo_ws/src/sancho_navigation': PYTHONPATH=/home/gonzalomarin/gonzalo_ws/build/sancho_navigation/prefix_override:/usr/lib/python3/dist-packages/colcon_core/task/python/colcon_distutils_commands:/home/gonzalomarin/gonzalo_ws/install/sancho_navigation/lib/python3.10/site-packages:${PYTHONPATH} /usr/bin/python3 -W ignore:setup.py install is deprecated -W ignore:easy_install command is deprecated setup.py egg_info --egg-base ../../build/sancho_navigation build --build-base /home/gonzalomarin/gonzalo_ws/build/sancho_navigation/build install --record /home/gonzalomarin/gonzalo_ws/build/sancho_navigation/install.log --single-version-externally-managed install_data
[0.793s] running egg_info
[0.794s] writing ../../build/sancho_navigation/sancho_navigation.egg-info/PKG-INFO
[0.794s] writing dependency_links to ../../build/sancho_navigation/sancho_navigation.egg-info/dependency_links.txt
[0.794s] writing entry points to ../../build/sancho_navigation/sancho_navigation.egg-info/entry_points.txt
[0.794s] writing requirements to ../../build/sancho_navigation/sancho_navigation.egg-info/requires.txt
[0.794s] writing top-level names to ../../build/sancho_navigation/sancho_navigation.egg-info/top_level.txt
[0.796s] reading manifest file '../../build/sancho_navigation/sancho_navigation.egg-info/SOURCES.txt'
[0.797s] writing manifest file '../../build/sancho_navigation/sancho_navigation.egg-info/SOURCES.txt'
[0.797s] running build
[0.797s] running build_py
[0.797s] running install
[0.798s] running install_lib
[0.799s] running install_data
[0.800s] running install_egg_info
[0.802s] removing '/home/gonzalomarin/gonzalo_ws/install/sancho_navigation/lib/python3.10/site-packages/sancho_navigation-0.0.0-py3.10.egg-info' (and everything under it)
[0.802s] Copying ../../build/sancho_navigation/sancho_navigation.egg-info to /home/gonzalomarin/gonzalo_ws/install/sancho_navigation/lib/python3.10/site-packages/sancho_navigation-0.0.0-py3.10.egg-info
[0.802s] running install_scripts
[0.821s] Installing greenhouse_navigator script to /home/gonzalomarin/gonzalo_ws/install/sancho_navigation/lib/sancho_navigation
[0.821s] Installing plant_doctor script to /home/gonzalomarin/gonzalo_ws/install/sancho_navigation/lib/sancho_navigation
[0.821s] Installing route_generator script to /home/gonzalomarin/gonzalo_ws/install/sancho_navigation/lib/sancho_navigation
[0.822s] Installing waypoint_saver script to /home/gonzalomarin/gonzalo_ws/install/sancho_navigation/lib/sancho_navigation
[0.822s] writing list of installed files to '/home/gonzalomarin/gonzalo_ws/build/sancho_navigation/install.log'
[0.842s] Invoked command in '/home/gonzalomarin/gonzalo_ws/src/sancho_navigation' returned '0': PYTHONPATH=/home/gonzalomarin/gonzalo_ws/build/sancho_navigation/prefix_override:/usr/lib/python3/dist-packages/colcon_core/task/python/colcon_distutils_commands:/home/gonzalomarin/gonzalo_ws/install/sancho_navigation/lib/python3.10/site-packages:${PYTHONPATH} /usr/bin/python3 -W ignore:setup.py install is deprecated -W ignore:easy_install command is deprecated setup.py egg_info --egg-base ../../build/sancho_navigation build --build-base /home/gonzalomarin/gonzalo_ws/build/sancho_navigation/build install --record /home/gonzalomarin/gonzalo_ws/build/sancho_navigation/install.log --single-version-externally-managed install_data
