[0.709s] Invoking command in '/home/gonzalo/gonzalo_ws/src/sancho_navigation': PYTHONPATH=/home/gonzalo/gonzalo_ws/build/sancho_navigation/prefix_override:/usr/lib/python3/dist-packages/colcon_core/task/python/colcon_distutils_commands:/home/gonzalo/gonzalo_ws/install/sancho_navigation/lib/python3.10/site-packages:${PYTHONPATH} /usr/bin/python3 -W ignore:setup.py install is deprecated -W ignore:easy_install command is deprecated setup.py egg_info --egg-base ../../build/sancho_navigation build --build-base /home/gonzalo/gonzalo_ws/build/sancho_navigation/build install --record /home/gonzalo/gonzalo_ws/build/sancho_navigation/install.log --single-version-externally-managed install_data
[0.923s] running egg_info
[0.926s] writing ../../build/sancho_navigation/sancho_navigation.egg-info/PKG-INFO
[0.926s] writing dependency_links to ../../build/sancho_navigation/sancho_navigation.egg-info/dependency_links.txt
[0.926s] writing entry points to ../../build/sancho_navigation/sancho_navigation.egg-info/entry_points.txt
[0.926s] writing requirements to ../../build/sancho_navigation/sancho_navigation.egg-info/requires.txt
[0.927s] writing top-level names to ../../build/sancho_navigation/sancho_navigation.egg-info/top_level.txt
[0.928s] reading manifest file '../../build/sancho_navigation/sancho_navigation.egg-info/SOURCES.txt'
[0.929s] writing manifest file '../../build/sancho_navigation/sancho_navigation.egg-info/SOURCES.txt'
[0.929s] running build
[0.929s] running build_py
[0.931s] running install
[0.931s] running install_lib
[0.934s] running install_data
[0.936s] copying config/nav2_params.yaml -> /home/gonzalo/gonzalo_ws/install/sancho_navigation/share/sancho_navigation/config
[0.937s] running install_egg_info
[0.949s] removing '/home/gonzalo/gonzalo_ws/install/sancho_navigation/lib/python3.10/site-packages/sancho_navigation-0.0.0-py3.10.egg-info' (and everything under it)
[0.950s] Copying ../../build/sancho_navigation/sancho_navigation.egg-info to /home/gonzalo/gonzalo_ws/install/sancho_navigation/lib/python3.10/site-packages/sancho_navigation-0.0.0-py3.10.egg-info
[0.950s] running install_scripts
[0.973s] Installing greenhouse_navigator script to /home/gonzalo/gonzalo_ws/install/sancho_navigation/lib/sancho_navigation
[0.975s] Installing plant_doctor script to /home/gonzalo/gonzalo_ws/install/sancho_navigation/lib/sancho_navigation
[0.975s] Installing route_generator script to /home/gonzalo/gonzalo_ws/install/sancho_navigation/lib/sancho_navigation
[0.976s] Installing waypoint_saver script to /home/gonzalo/gonzalo_ws/install/sancho_navigation/lib/sancho_navigation
[0.976s] writing list of installed files to '/home/gonzalo/gonzalo_ws/build/sancho_navigation/install.log'
[1.000s] Invoked command in '/home/gonzalo/gonzalo_ws/src/sancho_navigation' returned '0': PYTHONPATH=/home/gonzalo/gonzalo_ws/build/sancho_navigation/prefix_override:/usr/lib/python3/dist-packages/colcon_core/task/python/colcon_distutils_commands:/home/gonzalo/gonzalo_ws/install/sancho_navigation/lib/python3.10/site-packages:${PYTHONPATH} /usr/bin/python3 -W ignore:setup.py install is deprecated -W ignore:easy_install command is deprecated setup.py egg_info --egg-base ../../build/sancho_navigation build --build-base /home/gonzalo/gonzalo_ws/build/sancho_navigation/build install --record /home/gonzalo/gonzalo_ws/build/sancho_navigation/install.log --single-version-externally-managed install_data
