[0.489s] Invoking command in '/home/mapir/gonzalo_ws/src/sancho_navigation': PYTHONPATH=/home/mapir/gonzalo_ws/build/sancho_navigation/prefix_override:/usr/lib/python3/dist-packages/colcon_core/task/python/colcon_distutils_commands:/home/mapir/gonzalo_ws/install/sancho_navigation/lib/python3.10/site-packages:${PYTHONPATH} /usr/bin/python3 -W ignore:setup.py install is deprecated -W ignore:easy_install command is deprecated setup.py egg_info --egg-base ../../build/sancho_navigation build --build-base /home/mapir/gonzalo_ws/build/sancho_navigation/build install --record /home/mapir/gonzalo_ws/build/sancho_navigation/install.log --single-version-externally-managed install_data
[0.685s] running egg_info
[0.686s] writing ../../build/sancho_navigation/sancho_navigation.egg-info/PKG-INFO
[0.686s] writing dependency_links to ../../build/sancho_navigation/sancho_navigation.egg-info/dependency_links.txt
[0.686s] writing entry points to ../../build/sancho_navigation/sancho_navigation.egg-info/entry_points.txt
[0.686s] writing requirements to ../../build/sancho_navigation/sancho_navigation.egg-info/requires.txt
[0.687s] writing top-level names to ../../build/sancho_navigation/sancho_navigation.egg-info/top_level.txt
[0.688s] reading manifest file '../../build/sancho_navigation/sancho_navigation.egg-info/SOURCES.txt'
[0.689s] writing manifest file '../../build/sancho_navigation/sancho_navigation.egg-info/SOURCES.txt'
[0.689s] running build
[0.689s] running build_py
[0.689s] running install
[0.690s] running install_lib
[0.691s] running install_data
[0.691s] copying config/my_route.yaml -> /home/mapir/gonzalo_ws/install/sancho_navigation/share/sancho_navigation/config
[0.691s] running install_egg_info
[0.693s] removing '/home/mapir/gonzalo_ws/install/sancho_navigation/lib/python3.10/site-packages/sancho_navigation-0.0.0-py3.10.egg-info' (and everything under it)
[0.693s] Copying ../../build/sancho_navigation/sancho_navigation.egg-info to /home/mapir/gonzalo_ws/install/sancho_navigation/lib/python3.10/site-packages/sancho_navigation-0.0.0-py3.10.egg-info
[0.694s] running install_scripts
[0.709s] Installing greenhouse_navigator script to /home/mapir/gonzalo_ws/install/sancho_navigation/lib/sancho_navigation
[0.710s] Installing plant_doctor script to /home/mapir/gonzalo_ws/install/sancho_navigation/lib/sancho_navigation
[0.710s] Installing route_generator script to /home/mapir/gonzalo_ws/install/sancho_navigation/lib/sancho_navigation
[0.710s] Installing waypoint_saver script to /home/mapir/gonzalo_ws/install/sancho_navigation/lib/sancho_navigation
[0.710s] writing list of installed files to '/home/mapir/gonzalo_ws/build/sancho_navigation/install.log'
[0.726s] Invoked command in '/home/mapir/gonzalo_ws/src/sancho_navigation' returned '0': PYTHONPATH=/home/mapir/gonzalo_ws/build/sancho_navigation/prefix_override:/usr/lib/python3/dist-packages/colcon_core/task/python/colcon_distutils_commands:/home/mapir/gonzalo_ws/install/sancho_navigation/lib/python3.10/site-packages:${PYTHONPATH} /usr/bin/python3 -W ignore:setup.py install is deprecated -W ignore:easy_install command is deprecated setup.py egg_info --egg-base ../../build/sancho_navigation build --build-base /home/mapir/gonzalo_ws/build/sancho_navigation/build install --record /home/mapir/gonzalo_ws/build/sancho_navigation/install.log --single-version-externally-managed install_data
